{
    "/Users/os/Documents/code/dojo/dojo.js/packages/core/bin/generateComponents.cjs": {
        "path": "/Users/os/Documents/code/dojo/dojo.js/packages/core/bin/generateComponents.cjs",
        "all": true,
        "statementMap": {
            "0": {
                "start": { "line": 1, "column": 0 },
                "end": { "line": 1, "column": 19 }
            },
            "1": {
                "start": { "line": 2, "column": 0 },
                "end": { "line": 2, "column": 0 }
            },
            "2": {
                "start": { "line": 3, "column": 0 },
                "end": { "line": 3, "column": 25 }
            },
            "3": {
                "start": { "line": 4, "column": 0 },
                "end": { "line": 4, "column": 29 }
            },
            "4": {
                "start": { "line": 5, "column": 0 },
                "end": { "line": 5, "column": 46 }
            },
            "5": {
                "start": { "line": 6, "column": 0 },
                "end": { "line": 6, "column": 0 }
            },
            "6": {
                "start": { "line": 7, "column": 0 },
                "end": { "line": 7, "column": 35 }
            },
            "7": {
                "start": { "line": 8, "column": 0 },
                "end": { "line": 8, "column": 37 }
            },
            "8": {
                "start": { "line": 9, "column": 0 },
                "end": { "line": 9, "column": 38 }
            },
            "9": {
                "start": { "line": 10, "column": 0 },
                "end": { "line": 10, "column": 0 }
            },
            "10": {
                "start": { "line": 11, "column": 0 },
                "end": { "line": 11, "column": 21 }
            },
            "11": {
                "start": { "line": 12, "column": 0 },
                "end": { "line": 12, "column": 20 }
            },
            "12": {
                "start": { "line": 13, "column": 0 },
                "end": { "line": 13, "column": 14 }
            },
            "13": {
                "start": { "line": 14, "column": 0 },
                "end": { "line": 14, "column": 19 }
            },
            "14": {
                "start": { "line": 15, "column": 0 },
                "end": { "line": 15, "column": 24 }
            },
            "15": {
                "start": { "line": 16, "column": 0 },
                "end": { "line": 16, "column": 67 }
            },
            "16": {
                "start": { "line": 17, "column": 0 },
                "end": { "line": 17, "column": 51 }
            },
            "17": {
                "start": { "line": 18, "column": 0 },
                "end": { "line": 18, "column": 42 }
            },
            "18": {
                "start": { "line": 19, "column": 0 },
                "end": { "line": 19, "column": 13 }
            },
            "19": {
                "start": { "line": 20, "column": 0 },
                "end": { "line": 20, "column": 58 }
            },
            "20": {
                "start": { "line": 21, "column": 0 },
                "end": { "line": 21, "column": 41 }
            },
            "21": {
                "start": { "line": 22, "column": 0 },
                "end": { "line": 22, "column": 28 }
            },
            "22": {
                "start": { "line": 23, "column": 0 },
                "end": { "line": 23, "column": 13 }
            },
            "23": {
                "start": { "line": 24, "column": 0 },
                "end": { "line": 24, "column": 70 }
            },
            "24": {
                "start": { "line": 25, "column": 0 },
                "end": { "line": 25, "column": 78 }
            },
            "25": {
                "start": { "line": 26, "column": 0 },
                "end": { "line": 26, "column": 10 }
            },
            "26": {
                "start": { "line": 27, "column": 0 },
                "end": { "line": 27, "column": 18 }
            },
            "27": {
                "start": { "line": 28, "column": 0 },
                "end": { "line": 28, "column": 2 }
            },
            "28": {
                "start": { "line": 29, "column": 0 },
                "end": { "line": 29, "column": 0 }
            },
            "29": {
                "start": { "line": 30, "column": 0 },
                "end": { "line": 30, "column": 35 }
            },
            "30": {
                "start": { "line": 31, "column": 0 },
                "end": { "line": 31, "column": 32 }
            },
            "31": {
                "start": { "line": 32, "column": 0 },
                "end": { "line": 32, "column": 16 }
            },
            "32": {
                "start": { "line": 33, "column": 0 },
                "end": { "line": 33, "column": 72 }
            },
            "33": {
                "start": { "line": 34, "column": 0 },
                "end": { "line": 34, "column": 6 }
            },
            "34": {
                "start": { "line": 35, "column": 0 },
                "end": { "line": 35, "column": 20 }
            },
            "35": {
                "start": { "line": 36, "column": 0 },
                "end": { "line": 36, "column": 1 }
            },
            "36": {
                "start": { "line": 37, "column": 0 },
                "end": { "line": 37, "column": 0 }
            },
            "37": {
                "start": { "line": 38, "column": 0 },
                "end": { "line": 38, "column": 44 }
            },
            "38": {
                "start": { "line": 39, "column": 0 },
                "end": { "line": 39, "column": 51 }
            },
            "39": {
                "start": { "line": 40, "column": 0 },
                "end": { "line": 40, "column": 49 }
            },
            "40": {
                "start": { "line": 41, "column": 0 },
                "end": { "line": 41, "column": 31 }
            },
            "41": {
                "start": { "line": 42, "column": 0 },
                "end": { "line": 42, "column": 37 }
            },
            "42": {
                "start": { "line": 43, "column": 0 },
                "end": { "line": 43, "column": 0 }
            },
            "43": {
                "start": { "line": 44, "column": 0 },
                "end": { "line": 44, "column": 34 }
            },
            "44": {
                "start": { "line": 45, "column": 0 },
                "end": { "line": 45, "column": 5 }
            },
            "45": {
                "start": { "line": 46, "column": 0 },
                "end": { "line": 46, "column": 44 }
            },
            "46": {
                "start": { "line": 47, "column": 0 },
                "end": { "line": 47, "column": 13 }
            },
            "47": {
                "start": { "line": 48, "column": 0 },
                "end": { "line": 48, "column": 18 }
            },
            "48": {
                "start": { "line": 49, "column": 0 },
                "end": { "line": 49, "column": 71 }
            },
            "49": {
                "start": { "line": 50, "column": 0 },
                "end": { "line": 50, "column": 6 }
            },
            "50": {
                "start": { "line": 51, "column": 0 },
                "end": { "line": 51, "column": 20 }
            },
            "51": {
                "start": { "line": 52, "column": 0 },
                "end": { "line": 52, "column": 1 }
            },
            "52": {
                "start": { "line": 53, "column": 0 },
                "end": { "line": 53, "column": 0 }
            },
            "53": {
                "start": { "line": 54, "column": 0 },
                "end": { "line": 54, "column": 25 }
            },
            "54": {
                "start": { "line": 55, "column": 0 },
                "end": { "line": 55, "column": 29 }
            },
            "55": {
                "start": { "line": 56, "column": 0 },
                "end": { "line": 56, "column": 26 }
            },
            "56": {
                "start": { "line": 57, "column": 0 },
                "end": { "line": 57, "column": 27 }
            },
            "57": {
                "start": { "line": 58, "column": 0 },
                "end": { "line": 58, "column": 27 }
            },
            "58": {
                "start": { "line": 59, "column": 0 },
                "end": { "line": 59, "column": 27 }
            },
            "59": {
                "start": { "line": 60, "column": 0 },
                "end": { "line": 60, "column": 29 }
            },
            "60": {
                "start": { "line": 61, "column": 0 },
                "end": { "line": 61, "column": 28 }
            },
            "61": {
                "start": { "line": 62, "column": 0 },
                "end": { "line": 62, "column": 28 }
            },
            "62": {
                "start": { "line": 63, "column": 0 },
                "end": { "line": 63, "column": 31 }
            },
            "63": {
                "start": { "line": 64, "column": 0 },
                "end": { "line": 64, "column": 39 }
            },
            "64": {
                "start": { "line": 65, "column": 0 },
                "end": { "line": 65, "column": 2 }
            },
            "65": {
                "start": { "line": 66, "column": 0 },
                "end": { "line": 66, "column": 0 }
            },
            "66": {
                "start": { "line": 67, "column": 0 },
                "end": { "line": 67, "column": 58 }
            },
            "67": {
                "start": { "line": 68, "column": 0 },
                "end": { "line": 68, "column": 41 }
            },
            "68": {
                "start": { "line": 69, "column": 0 },
                "end": { "line": 69, "column": 0 }
            },
            "69": {
                "start": { "line": 70, "column": 0 },
                "end": { "line": 70, "column": 72 }
            },
            "70": {
                "start": { "line": 71, "column": 0 },
                "end": { "line": 71, "column": 98 }
            },
            "71": {
                "start": { "line": 72, "column": 0 },
                "end": { "line": 72, "column": 0 }
            },
            "72": {
                "start": { "line": 73, "column": 0 },
                "end": { "line": 73, "column": 108 }
            },
            "73": {
                "start": { "line": 74, "column": 0 },
                "end": { "line": 74, "column": 0 }
            },
            "74": {
                "start": { "line": 75, "column": 0 },
                "end": { "line": 75, "column": 88 }
            },
            "75": {
                "start": { "line": 76, "column": 0 },
                "end": { "line": 76, "column": 0 }
            },
            "76": {
                "start": { "line": 77, "column": 0 },
                "end": { "line": 77, "column": 36 }
            },
            "77": {
                "start": { "line": 78, "column": 0 },
                "end": { "line": 78, "column": 21 }
            },
            "78": {
                "start": { "line": 79, "column": 0 },
                "end": { "line": 79, "column": 27 }
            },
            "79": {
                "start": { "line": 80, "column": 0 },
                "end": { "line": 80, "column": 0 }
            },
            "80": {
                "start": { "line": 81, "column": 0 },
                "end": { "line": 81, "column": 42 }
            },
            "81": {
                "start": { "line": 82, "column": 0 },
                "end": { "line": 82, "column": 0 }
            },
            "82": {
                "start": { "line": 83, "column": 0 },
                "end": { "line": 83, "column": 9 }
            },
            "83": {
                "start": { "line": 84, "column": 0 },
                "end": { "line": 84, "column": 32 }
            },
            "84": {
                "start": { "line": 85, "column": 0 },
                "end": { "line": 85, "column": 95 }
            },
            "85": {
                "start": { "line": 86, "column": 0 },
                "end": { "line": 86, "column": 21 }
            },
            "86": {
                "start": { "line": 87, "column": 0 },
                "end": { "line": 87, "column": 0 }
            },
            "87": {
                "start": { "line": 88, "column": 0 },
                "end": { "line": 88, "column": 42 }
            },
            "88": {
                "start": { "line": 89, "column": 0 },
                "end": { "line": 89, "column": 54 }
            },
            "89": {
                "start": { "line": 90, "column": 0 },
                "end": { "line": 90, "column": 19 }
            },
            "90": {
                "start": { "line": 91, "column": 0 },
                "end": { "line": 91, "column": 18 }
            },
            "91": {
                "start": { "line": 92, "column": 0 },
                "end": { "line": 92, "column": 23 }
            },
            "92": {
                "start": { "line": 93, "column": 0 },
                "end": { "line": 93, "column": 10 }
            },
            "93": {
                "start": { "line": 94, "column": 0 },
                "end": { "line": 94, "column": 0 }
            },
            "94": {
                "start": { "line": 95, "column": 0 },
                "end": { "line": 95, "column": 54 }
            },
            "95": {
                "start": { "line": 96, "column": 0 },
                "end": { "line": 96, "column": 57 }
            },
            "96": {
                "start": { "line": 97, "column": 0 },
                "end": { "line": 97, "column": 42 }
            },
            "97": {
                "start": { "line": 98, "column": 0 },
                "end": { "line": 98, "column": 54 }
            },
            "98": {
                "start": { "line": 99, "column": 0 },
                "end": { "line": 99, "column": 37 }
            },
            "99": {
                "start": { "line": 100, "column": 0 },
                "end": { "line": 100, "column": 49 }
            },
            "100": {
                "start": { "line": 101, "column": 0 },
                "end": { "line": 101, "column": 61 }
            },
            "101": {
                "start": { "line": 102, "column": 0 },
                "end": { "line": 102, "column": 72 }
            },
            "102": {
                "start": { "line": 103, "column": 0 },
                "end": { "line": 103, "column": 66 }
            },
            "103": {
                "start": { "line": 104, "column": 0 },
                "end": { "line": 104, "column": 23 }
            },
            "104": {
                "start": { "line": 105, "column": 0 },
                "end": { "line": 105, "column": 15 }
            },
            "105": {
                "start": { "line": 106, "column": 0 },
                "end": { "line": 106, "column": 40 }
            },
            "106": {
                "start": { "line": 107, "column": 0 },
                "end": { "line": 107, "column": 37 }
            },
            "107": {
                "start": { "line": 108, "column": 0 },
                "end": { "line": 108, "column": 36 }
            },
            "108": {
                "start": { "line": 109, "column": 0 },
                "end": { "line": 109, "column": 37 }
            },
            "109": {
                "start": { "line": 110, "column": 0 },
                "end": { "line": 110, "column": 17 }
            },
            "110": {
                "start": { "line": 111, "column": 0 },
                "end": { "line": 111, "column": 22 }
            },
            "111": {
                "start": { "line": 112, "column": 0 },
                "end": { "line": 112, "column": 86 }
            },
            "112": {
                "start": { "line": 113, "column": 0 },
                "end": { "line": 113, "column": 10 }
            },
            "113": {
                "start": { "line": 114, "column": 0 },
                "end": { "line": 114, "column": 24 }
            },
            "114": {
                "start": { "line": 115, "column": 0 },
                "end": { "line": 115, "column": 5 }
            },
            "115": {
                "start": { "line": 116, "column": 0 },
                "end": { "line": 116, "column": 3 }
            },
            "116": {
                "start": { "line": 117, "column": 0 },
                "end": { "line": 117, "column": 0 }
            },
            "117": {
                "start": { "line": 118, "column": 0 },
                "end": { "line": 118, "column": 27 }
            },
            "118": {
                "start": { "line": 119, "column": 0 },
                "end": { "line": 119, "column": 0 }
            },
            "119": {
                "start": { "line": 120, "column": 0 },
                "end": { "line": 120, "column": 48 }
            },
            "120": {
                "start": { "line": 121, "column": 0 },
                "end": { "line": 121, "column": 14 }
            },
            "121": {
                "start": { "line": 122, "column": 0 },
                "end": { "line": 122, "column": 50 }
            },
            "122": {
                "start": { "line": 123, "column": 0 },
                "end": { "line": 123, "column": 12 }
            },
            "123": {
                "start": { "line": 124, "column": 0 },
                "end": { "line": 124, "column": 75 }
            },
            "124": {
                "start": { "line": 125, "column": 0 },
                "end": { "line": 125, "column": 5 }
            },
            "125": {
                "start": { "line": 126, "column": 0 },
                "end": { "line": 126, "column": 3 }
            },
            "126": {
                "start": { "line": 127, "column": 0 },
                "end": { "line": 127, "column": 0 }
            },
            "127": {
                "start": { "line": 128, "column": 0 },
                "end": { "line": 128, "column": 61 }
            },
            "128": {
                "start": { "line": 129, "column": 0 },
                "end": { "line": 129, "column": 36 }
            },
            "129": {
                "start": { "line": 130, "column": 0 },
                "end": { "line": 130, "column": 35 }
            },
            "130": {
                "start": { "line": 131, "column": 0 },
                "end": { "line": 131, "column": 56 }
            },
            "131": {
                "start": { "line": 132, "column": 0 },
                "end": { "line": 132, "column": 5 }
            },
            "132": {
                "start": { "line": 133, "column": 0 },
                "end": { "line": 133, "column": 65 }
            },
            "133": {
                "start": { "line": 134, "column": 0 },
                "end": { "line": 134, "column": 1 }
            },
            "134": {
                "start": { "line": 135, "column": 0 },
                "end": { "line": 135, "column": 0 }
            },
            "135": {
                "start": { "line": 136, "column": 0 },
                "end": { "line": 136, "column": 65 }
            },
            "136": {
                "start": { "line": 137, "column": 0 },
                "end": { "line": 137, "column": 29 }
            },
            "137": {
                "start": { "line": 138, "column": 0 },
                "end": { "line": 138, "column": 35 }
            },
            "138": {
                "start": { "line": 139, "column": 0 },
                "end": { "line": 139, "column": 0 }
            },
            "139": {
                "start": { "line": 140, "column": 0 },
                "end": { "line": 140, "column": 31 }
            },
            "140": {
                "start": { "line": 141, "column": 0 },
                "end": { "line": 141, "column": 52 }
            },
            "141": {
                "start": { "line": 142, "column": 0 },
                "end": { "line": 142, "column": 35 }
            },
            "142": {
                "start": { "line": 143, "column": 0 },
                "end": { "line": 143, "column": 39 }
            },
            "143": {
                "start": { "line": 144, "column": 0 },
                "end": { "line": 144, "column": 62 }
            },
            "144": {
                "start": { "line": 145, "column": 0 },
                "end": { "line": 145, "column": 33 }
            },
            "145": {
                "start": { "line": 146, "column": 0 },
                "end": { "line": 146, "column": 27 }
            },
            "146": {
                "start": { "line": 147, "column": 0 },
                "end": { "line": 147, "column": 39 }
            },
            "147": {
                "start": { "line": 148, "column": 0 },
                "end": { "line": 148, "column": 40 }
            },
            "148": {
                "start": { "line": 149, "column": 0 },
                "end": { "line": 149, "column": 34 }
            },
            "149": {
                "start": { "line": 150, "column": 0 },
                "end": { "line": 150, "column": 61 }
            },
            "150": {
                "start": { "line": 151, "column": 0 },
                "end": { "line": 151, "column": 5 }
            },
            "151": {
                "start": { "line": 152, "column": 0 },
                "end": { "line": 152, "column": 1 }
            },
            "152": {
                "start": { "line": 153, "column": 0 },
                "end": { "line": 153, "column": 0 }
            },
            "153": {
                "start": { "line": 154, "column": 0 },
                "end": { "line": 154, "column": 47 }
            },
            "154": {
                "start": { "line": 155, "column": 0 },
                "end": { "line": 155, "column": 60 }
            },
            "155": {
                "start": { "line": 156, "column": 0 },
                "end": { "line": 156, "column": 27 }
            },
            "156": {
                "start": { "line": 157, "column": 0 },
                "end": { "line": 157, "column": 90 }
            },
            "157": {
                "start": { "line": 158, "column": 0 },
                "end": { "line": 158, "column": 1 }
            },
            "158": {
                "start": { "line": 159, "column": 0 },
                "end": { "line": 159, "column": 0 }
            },
            "159": {
                "start": { "line": 160, "column": 0 },
                "end": { "line": 160, "column": 57 }
            },
            "160": {
                "start": { "line": 161, "column": 0 },
                "end": { "line": 161, "column": 32 }
            },
            "161": {
                "start": { "line": 162, "column": 0 },
                "end": { "line": 162, "column": 26 }
            },
            "162": {
                "start": { "line": 163, "column": 0 },
                "end": { "line": 163, "column": 65 }
            },
            "163": {
                "start": { "line": 164, "column": 0 },
                "end": { "line": 164, "column": 35 }
            },
            "164": {
                "start": { "line": 165, "column": 0 },
                "end": { "line": 165, "column": 22 }
            },
            "165": {
                "start": { "line": 166, "column": 0 },
                "end": { "line": 166, "column": 27 }
            },
            "166": {
                "start": { "line": 167, "column": 0 },
                "end": { "line": 167, "column": 16 }
            },
            "167": {
                "start": { "line": 168, "column": 0 },
                "end": { "line": 168, "column": 10 }
            },
            "168": {
                "start": { "line": 169, "column": 0 },
                "end": { "line": 169, "column": 24 }
            },
            "169": {
                "start": { "line": 170, "column": 0 },
                "end": { "line": 170, "column": 1 }
            },
            "170": {
                "start": { "line": 171, "column": 0 },
                "end": { "line": 171, "column": 0 }
            },
            "171": {
                "start": { "line": 172, "column": 0 },
                "end": { "line": 172, "column": 35 }
            },
            "172": {
                "start": { "line": 173, "column": 0 },
                "end": { "line": 173, "column": 29 }
            },
            "173": {
                "start": { "line": 174, "column": 0 },
                "end": { "line": 174, "column": 1 }
            },
            "174": {
                "start": { "line": 175, "column": 0 },
                "end": { "line": 175, "column": 0 }
            },
            "175": {
                "start": { "line": 176, "column": 0 },
                "end": { "line": 176, "column": 56 }
            },
            "176": {
                "start": { "line": 177, "column": 0 },
                "end": { "line": 177, "column": 23 }
            },
            "177": {
                "start": { "line": 178, "column": 0 },
                "end": { "line": 178, "column": 80 }
            },
            "178": {
                "start": { "line": 179, "column": 0 },
                "end": { "line": 179, "column": 24 }
            },
            "179": {
                "start": { "line": 180, "column": 0 },
                "end": { "line": 180, "column": 1 }
            }
        },
        "s": {
            "0": 0,
            "1": 0,
            "2": 0,
            "3": 0,
            "4": 0,
            "5": 0,
            "6": 0,
            "7": 0,
            "8": 0,
            "9": 0,
            "10": 0,
            "11": 0,
            "12": 0,
            "13": 0,
            "14": 0,
            "15": 0,
            "16": 0,
            "17": 0,
            "18": 0,
            "19": 0,
            "20": 0,
            "21": 0,
            "22": 0,
            "23": 0,
            "24": 0,
            "25": 0,
            "26": 0,
            "27": 0,
            "28": 0,
            "29": 0,
            "30": 0,
            "31": 0,
            "32": 0,
            "33": 0,
            "34": 0,
            "35": 0,
            "36": 0,
            "37": 0,
            "38": 0,
            "39": 0,
            "40": 0,
            "41": 0,
            "42": 0,
            "43": 0,
            "44": 0,
            "45": 0,
            "46": 0,
            "47": 0,
            "48": 0,
            "49": 0,
            "50": 0,
            "51": 0,
            "52": 0,
            "53": 0,
            "54": 0,
            "55": 0,
            "56": 0,
            "57": 0,
            "58": 0,
            "59": 0,
            "60": 0,
            "61": 0,
            "62": 0,
            "63": 0,
            "64": 0,
            "65": 0,
            "66": 0,
            "67": 0,
            "68": 0,
            "69": 0,
            "70": 0,
            "71": 0,
            "72": 0,
            "73": 0,
            "74": 0,
            "75": 0,
            "76": 0,
            "77": 0,
            "78": 0,
            "79": 0,
            "80": 0,
            "81": 0,
            "82": 0,
            "83": 0,
            "84": 0,
            "85": 0,
            "86": 0,
            "87": 0,
            "88": 0,
            "89": 0,
            "90": 0,
            "91": 0,
            "92": 0,
            "93": 0,
            "94": 0,
            "95": 0,
            "96": 0,
            "97": 0,
            "98": 0,
            "99": 0,
            "100": 0,
            "101": 0,
            "102": 0,
            "103": 0,
            "104": 0,
            "105": 0,
            "106": 0,
            "107": 0,
            "108": 0,
            "109": 0,
            "110": 0,
            "111": 0,
            "112": 0,
            "113": 0,
            "114": 0,
            "115": 0,
            "116": 0,
            "117": 0,
            "118": 0,
            "119": 0,
            "120": 0,
            "121": 0,
            "122": 0,
            "123": 0,
            "124": 0,
            "125": 0,
            "126": 0,
            "127": 0,
            "128": 0,
            "129": 0,
            "130": 0,
            "131": 0,
            "132": 0,
            "133": 0,
            "134": 0,
            "135": 0,
            "136": 0,
            "137": 0,
            "138": 0,
            "139": 0,
            "140": 0,
            "141": 0,
            "142": 0,
            "143": 0,
            "144": 0,
            "145": 0,
            "146": 0,
            "147": 0,
            "148": 0,
            "149": 0,
            "150": 0,
            "151": 0,
            "152": 0,
            "153": 0,
            "154": 0,
            "155": 0,
            "156": 0,
            "157": 0,
            "158": 0,
            "159": 0,
            "160": 0,
            "161": 0,
            "162": 0,
            "163": 0,
            "164": 0,
            "165": 0,
            "166": 0,
            "167": 0,
            "168": 0,
            "169": 0,
            "170": 0,
            "171": 0,
            "172": 0,
            "173": 0,
            "174": 0,
            "175": 0,
            "176": 0,
            "177": 0,
            "178": 0,
            "179": 0
        },
        "branchMap": {
            "0": {
                "type": "branch",
                "line": 1,
                "loc": {
                    "start": { "line": 1, "column": 0 },
                    "end": { "line": 180, "column": 1 }
                },
                "locations": [
                    {
                        "start": { "line": 1, "column": 0 },
                        "end": { "line": 180, "column": 1 }
                    }
                ]
            }
        },
        "b": { "0": [0] },
        "fnMap": {
            "0": {
                "name": "(empty-report)",
                "decl": {
                    "start": { "line": 1, "column": 0 },
                    "end": { "line": 180, "column": 1 }
                },
                "loc": {
                    "start": { "line": 1, "column": 0 },
                    "end": { "line": 180, "column": 1 }
                },
                "line": 1
            }
        },
        "f": { "0": 0 }
    },
    "/Users/os/Documents/code/dojo/dojo.js/packages/core/src/index.ts": {
        "path": "/Users/os/Documents/code/dojo/dojo.js/packages/core/src/index.ts",
        "all": true,
        "statementMap": {
            "0": {
                "start": { "line": 1, "column": 0 },
                "end": { "line": 1, "column": 27 }
            },
            "1": {
                "start": { "line": 2, "column": 0 },
                "end": { "line": 2, "column": 24 }
            },
            "2": {
                "start": { "line": 3, "column": 0 },
                "end": { "line": 3, "column": 24 }
            },
            "3": {
                "start": { "line": 4, "column": 0 },
                "end": { "line": 4, "column": 25 }
            },
            "4": {
                "start": { "line": 5, "column": 0 },
                "end": { "line": 5, "column": 28 }
            }
        },
        "s": { "0": 0, "1": 0, "2": 0, "3": 0, "4": 0 },
        "branchMap": {
            "0": {
                "type": "branch",
                "line": 1,
                "loc": {
                    "start": { "line": 1, "column": 0 },
                    "end": { "line": 5, "column": 28 }
                },
                "locations": [
                    {
                        "start": { "line": 1, "column": 0 },
                        "end": { "line": 5, "column": 28 }
                    }
                ]
            }
        },
        "b": { "0": [0] },
        "fnMap": {
            "0": {
                "name": "(empty-report)",
                "decl": {
                    "start": { "line": 1, "column": 0 },
                    "end": { "line": 5, "column": 28 }
                },
                "loc": {
                    "start": { "line": 1, "column": 0 },
                    "end": { "line": 5, "column": 28 }
                },
                "line": 1
            }
        },
        "f": { "0": 0 }
    },
    "/Users/os/Documents/code/dojo/dojo.js/packages/core/src/config/index.ts": {
        "path": "/Users/os/Documents/code/dojo/dojo.js/packages/core/src/config/index.ts",
        "all": false,
        "statementMap": {
            "0": {
                "start": { "line": 1, "column": 0 },
                "end": { "line": 1, "column": 8 }
            },
            "1": {
                "start": { "line": 2, "column": 0 },
                "end": { "line": 2, "column": 22 }
            },
            "2": {
                "start": { "line": 3, "column": 0 },
                "end": { "line": 3, "column": 29 }
            },
            "3": {
                "start": { "line": 4, "column": 0 },
                "end": { "line": 4, "column": 33 }
            },
            "4": {
                "start": { "line": 5, "column": 0 },
                "end": { "line": 5, "column": 17 }
            },
            "5": {
                "start": { "line": 6, "column": 0 },
                "end": { "line": 6, "column": 16 }
            },
            "6": {
                "start": { "line": 7, "column": 0 },
                "end": { "line": 7, "column": 16 }
            },
            "7": {
                "start": { "line": 8, "column": 0 },
                "end": { "line": 8, "column": 32 }
            },
            "8": {
                "start": { "line": 9, "column": 0 },
                "end": { "line": 9, "column": 22 }
            },
            "9": {
                "start": { "line": 10, "column": 0 },
                "end": { "line": 10, "column": 0 }
            },
            "10": {
                "start": { "line": 11, "column": 0 },
                "end": { "line": 11, "column": 61 }
            },
            "11": {
                "start": { "line": 12, "column": 0 },
                "end": { "line": 12, "column": 0 }
            },
            "12": {
                "start": { "line": 13, "column": 0 },
                "end": { "line": 13, "column": 28 }
            },
            "13": {
                "start": { "line": 14, "column": 0 },
                "end": { "line": 14, "column": 20 }
            },
            "14": {
                "start": { "line": 15, "column": 0 },
                "end": { "line": 15, "column": 22 }
            },
            "15": {
                "start": { "line": 16, "column": 0 },
                "end": { "line": 16, "column": 22 }
            },
            "16": {
                "start": { "line": 17, "column": 0 },
                "end": { "line": 17, "column": 27 }
            },
            "17": {
                "start": { "line": 18, "column": 0 },
                "end": { "line": 18, "column": 30 }
            },
            "18": {
                "start": { "line": 19, "column": 0 },
                "end": { "line": 19, "column": 30 }
            },
            "19": {
                "start": { "line": 20, "column": 0 },
                "end": { "line": 20, "column": 29 }
            },
            "20": {
                "start": { "line": 21, "column": 0 },
                "end": { "line": 21, "column": 18 }
            },
            "21": {
                "start": { "line": 22, "column": 0 },
                "end": { "line": 22, "column": 1 }
            },
            "22": {
                "start": { "line": 23, "column": 0 },
                "end": { "line": 23, "column": 0 }
            },
            "23": {
                "start": { "line": 24, "column": 0 },
                "end": { "line": 24, "column": 3 }
            },
            "24": {
                "start": { "line": 25, "column": 0 },
                "end": { "line": 25, "column": 141 }
            },
            "25": {
                "start": { "line": 26, "column": 0 },
                "end": { "line": 26, "column": 3 }
            },
            "26": {
                "start": { "line": 27, "column": 0 },
                "end": { "line": 27, "column": 77 }
            },
            "27": {
                "start": { "line": 28, "column": 0 },
                "end": { "line": 28, "column": 12 }
            },
            "28": {
                "start": { "line": 29, "column": 0 },
                "end": { "line": 29, "column": 46 }
            },
            "29": {
                "start": { "line": 30, "column": 0 },
                "end": { "line": 30, "column": 49 }
            },
            "30": {
                "start": { "line": 31, "column": 0 },
                "end": { "line": 31, "column": 49 }
            },
            "31": {
                "start": { "line": 32, "column": 0 },
                "end": { "line": 32, "column": 72 }
            },
            "32": {
                "start": { "line": 33, "column": 0 },
                "end": { "line": 33, "column": 25 }
            },
            "33": {
                "start": { "line": 34, "column": 0 },
                "end": { "line": 34, "column": 68 }
            },
            "34": {
                "start": { "line": 35, "column": 0 },
                "end": { "line": 35, "column": 71 }
            },
            "35": {
                "start": { "line": 36, "column": 0 },
                "end": { "line": 36, "column": 79 }
            },
            "36": {
                "start": { "line": 37, "column": 0 },
                "end": { "line": 37, "column": 17 }
            },
            "37": {
                "start": { "line": 38, "column": 0 },
                "end": { "line": 38, "column": 6 }
            },
            "38": {
                "start": { "line": 39, "column": 0 },
                "end": { "line": 39, "column": 1 }
            }
        },
        "s": {
            "0": 1,
            "1": 1,
            "2": 1,
            "3": 1,
            "4": 1,
            "5": 1,
            "6": 1,
            "7": 1,
            "8": 1,
            "9": 1,
            "10": 1,
            "11": 1,
            "12": 1,
            "13": 1,
            "14": 1,
            "15": 1,
            "16": 1,
            "17": 1,
            "18": 1,
            "19": 1,
            "20": 1,
            "21": 1,
            "22": 1,
            "23": 1,
            "24": 1,
            "25": 1,
            "26": 1,
            "27": 1,
            "28": 1,
            "29": 1,
            "30": 1,
            "31": 1,
            "32": 1,
            "33": 1,
            "34": 1,
            "35": 1,
            "36": 1,
            "37": 1,
            "38": 1
        },
        "branchMap": {
            "0": {
                "type": "branch",
                "line": 27,
                "loc": {
                    "start": { "line": 27, "column": 7 },
                    "end": { "line": 39, "column": 1 }
                },
                "locations": [
                    {
                        "start": { "line": 27, "column": 7 },
                        "end": { "line": 39, "column": 1 }
                    }
                ]
            },
            "1": {
                "type": "branch",
                "line": 29,
                "loc": {
                    "start": { "line": 29, "column": 23 },
                    "end": { "line": 29, "column": 46 }
                },
                "locations": [
                    {
                        "start": { "line": 29, "column": 23 },
                        "end": { "line": 29, "column": 46 }
                    }
                ]
            },
            "2": {
                "type": "branch",
                "line": 30,
                "loc": {
                    "start": { "line": 30, "column": 25 },
                    "end": { "line": 30, "column": 49 }
                },
                "locations": [
                    {
                        "start": { "line": 30, "column": 25 },
                        "end": { "line": 30, "column": 49 }
                    }
                ]
            },
            "3": {
                "type": "branch",
                "line": 32,
                "loc": {
                    "start": { "line": 32, "column": 30 },
                    "end": { "line": 32, "column": 72 }
                },
                "locations": [
                    {
                        "start": { "line": 32, "column": 30 },
                        "end": { "line": 32, "column": 72 }
                    }
                ]
            },
            "4": {
                "type": "branch",
                "line": 34,
                "loc": {
                    "start": { "line": 34, "column": 19 },
                    "end": { "line": 34, "column": 68 }
                },
                "locations": [
                    {
                        "start": { "line": 34, "column": 19 },
                        "end": { "line": 34, "column": 68 }
                    }
                ]
            },
            "5": {
                "type": "branch",
                "line": 35,
                "loc": {
                    "start": { "line": 35, "column": 33 },
                    "end": { "line": 35, "column": 71 }
                },
                "locations": [
                    {
                        "start": { "line": 35, "column": 33 },
                        "end": { "line": 35, "column": 71 }
                    }
                ]
            }
        },
        "b": { "0": [1], "1": [0], "2": [0], "3": [0], "4": [0], "5": [0] },
        "fnMap": {
            "0": {
                "name": "createDojoConfig",
                "decl": {
                    "start": { "line": 27, "column": 7 },
                    "end": { "line": 39, "column": 1 }
                },
                "loc": {
                    "start": { "line": 27, "column": 7 },
                    "end": { "line": 39, "column": 1 }
                },
                "line": 27
            }
        },
        "f": { "0": 1 }
    },
    "/Users/os/Documents/code/dojo/dojo.js/packages/core/src/constants/index.ts": {
        "path": "/Users/os/Documents/code/dojo/dojo.js/packages/core/src/constants/index.ts",
        "all": false,
        "statementMap": {
            "0": {
                "start": { "line": 1, "column": 0 },
                "end": { "line": 1, "column": 52 }
            },
            "1": {
                "start": { "line": 2, "column": 0 },
                "end": { "line": 2, "column": 30 }
            },
            "2": {
                "start": { "line": 3, "column": 0 },
                "end": { "line": 3, "column": 51 }
            },
            "3": {
                "start": { "line": 4, "column": 0 },
                "end": { "line": 4, "column": 39 }
            },
            "4": {
                "start": { "line": 5, "column": 0 },
                "end": { "line": 5, "column": 72 }
            },
            "5": {
                "start": { "line": 6, "column": 0 },
                "end": { "line": 6, "column": 43 }
            },
            "6": {
                "start": { "line": 7, "column": 0 },
                "end": { "line": 7, "column": 67 }
            },
            "7": {
                "start": { "line": 8, "column": 0 },
                "end": { "line": 8, "column": 32 }
            },
            "8": {
                "start": { "line": 9, "column": 0 },
                "end": { "line": 9, "column": 73 }
            },
            "9": {
                "start": { "line": 10, "column": 0 },
                "end": { "line": 10, "column": 42 }
            },
            "10": {
                "start": { "line": 11, "column": 0 },
                "end": { "line": 11, "column": 72 }
            }
        },
        "s": {
            "0": 1,
            "1": 1,
            "2": 1,
            "3": 1,
            "4": 1,
            "5": 1,
            "6": 1,
            "7": 1,
            "8": 1,
            "9": 1,
            "10": 1
        },
        "branchMap": {},
        "b": {},
        "fnMap": {},
        "f": {}
    },
    "/Users/os/Documents/code/dojo/dojo.js/packages/core/src/logger/logger.ts": {
        "path": "/Users/os/Documents/code/dojo/dojo.js/packages/core/src/logger/logger.ts",
        "all": true,
        "statementMap": {
            "0": {
                "start": { "line": 1, "column": 0 },
                "end": { "line": 1, "column": 38 }
            },
            "1": {
                "start": { "line": 2, "column": 0 },
                "end": { "line": 2, "column": 24 }
            },
            "2": {
                "start": { "line": 3, "column": 0 },
                "end": { "line": 3, "column": 52 }
            },
            "3": {
                "start": { "line": 4, "column": 0 },
                "end": { "line": 4, "column": 1 }
            },
            "4": {
                "start": { "line": 5, "column": 0 },
                "end": { "line": 5, "column": 0 }
            },
            "5": {
                "start": { "line": 6, "column": 0 },
                "end": { "line": 6, "column": 29 }
            },
            "6": {
                "start": { "line": 7, "column": 0 },
                "end": { "line": 7, "column": 25 }
            },
            "7": {
                "start": { "line": 8, "column": 0 },
                "end": { "line": 8, "column": 16 }
            },
            "8": {
                "start": { "line": 9, "column": 0 },
                "end": { "line": 9, "column": 16 }
            },
            "9": {
                "start": { "line": 10, "column": 0 },
                "end": { "line": 10, "column": 17 }
            },
            "10": {
                "start": { "line": 11, "column": 0 },
                "end": { "line": 11, "column": 1 }
            },
            "11": {
                "start": { "line": 12, "column": 0 },
                "end": { "line": 12, "column": 0 }
            },
            "12": {
                "start": { "line": 13, "column": 0 },
                "end": { "line": 13, "column": 17 }
            },
            "13": {
                "start": { "line": 14, "column": 0 },
                "end": { "line": 14, "column": 58 }
            },
            "14": {
                "start": { "line": 15, "column": 0 },
                "end": { "line": 15, "column": 0 }
            },
            "15": {
                "start": { "line": 16, "column": 0 },
                "end": { "line": 16, "column": 39 }
            },
            "16": {
                "start": { "line": 17, "column": 0 },
                "end": { "line": 17, "column": 71 }
            },
            "17": {
                "start": { "line": 18, "column": 0 },
                "end": { "line": 18, "column": 0 }
            },
            "18": {
                "start": { "line": 19, "column": 0 },
                "end": { "line": 19, "column": 50 }
            },
            "19": {
                "start": { "line": 20, "column": 0 },
                "end": { "line": 20, "column": 46 }
            },
            "20": {
                "start": { "line": 21, "column": 0 },
                "end": { "line": 21, "column": 25 }
            },
            "21": {
                "start": { "line": 22, "column": 0 },
                "end": { "line": 22, "column": 25 }
            },
            "22": {
                "start": { "line": 23, "column": 0 },
                "end": { "line": 23, "column": 26 }
            },
            "23": {
                "start": { "line": 24, "column": 0 },
                "end": { "line": 24, "column": 0 }
            },
            "24": {
                "start": { "line": 25, "column": 0 },
                "end": { "line": 25, "column": 49 }
            },
            "25": {
                "start": { "line": 26, "column": 0 },
                "end": { "line": 26, "column": 40 }
            },
            "26": {
                "start": { "line": 27, "column": 0 },
                "end": { "line": 27, "column": 0 }
            },
            "27": {
                "start": { "line": 28, "column": 0 },
                "end": { "line": 28, "column": 49 }
            },
            "28": {
                "start": { "line": 29, "column": 0 },
                "end": { "line": 29, "column": 0 }
            },
            "29": {
                "start": { "line": 30, "column": 0 },
                "end": { "line": 30, "column": 31 }
            },
            "30": {
                "start": { "line": 31, "column": 0 },
                "end": { "line": 31, "column": 31 }
            },
            "31": {
                "start": { "line": 32, "column": 0 },
                "end": { "line": 32, "column": 30 }
            },
            "32": {
                "start": { "line": 33, "column": 0 },
                "end": { "line": 33, "column": 30 }
            },
            "33": {
                "start": { "line": 34, "column": 0 },
                "end": { "line": 34, "column": 9 }
            },
            "34": {
                "start": { "line": 35, "column": 0 },
                "end": { "line": 35, "column": 0 }
            },
            "35": {
                "start": { "line": 36, "column": 0 },
                "end": { "line": 36, "column": 32 }
            },
            "36": {
                "start": { "line": 37, "column": 0 },
                "end": { "line": 37, "column": 30 }
            },
            "37": {
                "start": { "line": 38, "column": 0 },
                "end": { "line": 38, "column": 30 }
            },
            "38": {
                "start": { "line": 39, "column": 0 },
                "end": { "line": 39, "column": 0 }
            },
            "39": {
                "start": { "line": 40, "column": 0 },
                "end": { "line": 40, "column": 19 }
            },
            "40": {
                "start": { "line": 41, "column": 0 },
                "end": { "line": 41, "column": 9 }
            },
            "41": {
                "start": { "line": 42, "column": 0 },
                "end": { "line": 42, "column": 0 }
            },
            "42": {
                "start": { "line": 43, "column": 0 },
                "end": { "line": 43, "column": 47 }
            },
            "43": {
                "start": { "line": 44, "column": 0 },
                "end": { "line": 44, "column": 0 }
            },
            "44": {
                "start": { "line": 45, "column": 0 },
                "end": { "line": 45, "column": 31 }
            },
            "45": {
                "start": { "line": 46, "column": 0 },
                "end": { "line": 46, "column": 30 }
            },
            "46": {
                "start": { "line": 47, "column": 0 },
                "end": { "line": 47, "column": 0 }
            },
            "47": {
                "start": { "line": 48, "column": 0 },
                "end": { "line": 48, "column": 19 }
            },
            "48": {
                "start": { "line": 49, "column": 0 },
                "end": { "line": 49, "column": 9 }
            },
            "49": {
                "start": { "line": 50, "column": 0 },
                "end": { "line": 50, "column": 0 }
            },
            "50": {
                "start": { "line": 51, "column": 0 },
                "end": { "line": 51, "column": 46 }
            },
            "51": {
                "start": { "line": 52, "column": 0 },
                "end": { "line": 52, "column": 5 }
            },
            "52": {
                "start": { "line": 53, "column": 0 },
                "end": { "line": 53, "column": 1 }
            }
        },
        "s": {
            "0": 0,
            "1": 0,
            "2": 0,
            "3": 0,
            "4": 0,
            "5": 0,
            "6": 0,
            "7": 0,
            "8": 0,
            "9": 0,
            "10": 0,
            "11": 0,
            "12": 0,
            "13": 0,
            "14": 0,
            "15": 0,
            "16": 0,
            "17": 0,
            "18": 0,
            "19": 0,
            "20": 0,
            "21": 0,
            "22": 0,
            "23": 0,
            "24": 0,
            "25": 0,
            "26": 0,
            "27": 0,
            "28": 0,
            "29": 0,
            "30": 0,
            "31": 0,
            "32": 0,
            "33": 0,
            "34": 0,
            "35": 0,
            "36": 0,
            "37": 0,
            "38": 0,
            "39": 0,
            "40": 0,
            "41": 0,
            "42": 0,
            "43": 0,
            "44": 0,
            "45": 0,
            "46": 0,
            "47": 0,
            "48": 0,
            "49": 0,
            "50": 0,
            "51": 0,
            "52": 0
        },
        "branchMap": {
            "0": {
                "type": "branch",
                "line": 1,
                "loc": {
                    "start": { "line": 1, "column": 0 },
                    "end": { "line": 53, "column": 1 }
                },
                "locations": [
                    {
                        "start": { "line": 1, "column": 0 },
                        "end": { "line": 53, "column": 1 }
                    }
                ]
            }
        },
        "b": { "0": [0] },
        "fnMap": {
            "0": {
                "name": "(empty-report)",
                "decl": {
                    "start": { "line": 1, "column": 0 },
                    "end": { "line": 53, "column": 1 }
                },
                "loc": {
                    "start": { "line": 1, "column": 0 },
                    "end": { "line": 53, "column": 1 }
                },
                "line": 1
            }
        },
        "f": { "0": 0 }
    },
    "/Users/os/Documents/code/dojo/dojo.js/packages/core/src/provider/DojoProvider.ts": {
        "path": "/Users/os/Documents/code/dojo/dojo.js/packages/core/src/provider/DojoProvider.ts",
        "all": true,
        "statementMap": {
            "0": {
                "start": { "line": 1, "column": 0 },
                "end": { "line": 1, "column": 8 }
            },
            "1": {
                "start": { "line": 2, "column": 0 },
                "end": { "line": 2, "column": 16 }
            },
            "2": {
                "start": { "line": 3, "column": 0 },
                "end": { "line": 3, "column": 12 }
            },
            "3": {
                "start": { "line": 4, "column": 0 },
                "end": { "line": 4, "column": 27 }
            },
            "4": {
                "start": { "line": 5, "column": 0 },
                "end": { "line": 5, "column": 13 }
            },
            "5": {
                "start": { "line": 6, "column": 0 },
                "end": { "line": 6, "column": 16 }
            },
            "6": {
                "start": { "line": 7, "column": 0 },
                "end": { "line": 7, "column": 23 }
            },
            "7": {
                "start": { "line": 8, "column": 0 },
                "end": { "line": 8, "column": 15 }
            },
            "8": {
                "start": { "line": 9, "column": 0 },
                "end": { "line": 9, "column": 9 }
            },
            "9": {
                "start": { "line": 10, "column": 0 },
                "end": { "line": 10, "column": 8 }
            },
            "10": {
                "start": { "line": 11, "column": 0 },
                "end": { "line": 11, "column": 11 }
            },
            "11": {
                "start": { "line": 12, "column": 0 },
                "end": { "line": 12, "column": 25 }
            },
            "12": {
                "start": { "line": 13, "column": 0 },
                "end": { "line": 13, "column": 21 }
            },
            "13": {
                "start": { "line": 14, "column": 0 },
                "end": { "line": 14, "column": 18 }
            },
            "14": {
                "start": { "line": 15, "column": 0 },
                "end": { "line": 15, "column": 38 }
            },
            "15": {
                "start": { "line": 16, "column": 0 },
                "end": { "line": 16, "column": 59 }
            },
            "16": {
                "start": { "line": 17, "column": 0 },
                "end": { "line": 17, "column": 44 }
            },
            "17": {
                "start": { "line": 18, "column": 0 },
                "end": { "line": 18, "column": 44 }
            },
            "18": {
                "start": { "line": 19, "column": 0 },
                "end": { "line": 19, "column": 45 }
            },
            "19": {
                "start": { "line": 20, "column": 0 },
                "end": { "line": 20, "column": 0 }
            },
            "20": {
                "start": { "line": 21, "column": 0 },
                "end": { "line": 21, "column": 3 }
            },
            "21": {
                "start": { "line": 22, "column": 0 },
                "end": { "line": 22, "column": 155 }
            },
            "22": {
                "start": { "line": 23, "column": 0 },
                "end": { "line": 23, "column": 8 }
            },
            "23": {
                "start": { "line": 24, "column": 0 },
                "end": { "line": 24, "column": 51 }
            },
            "24": {
                "start": { "line": 25, "column": 0 },
                "end": { "line": 25, "column": 2 }
            },
            "25": {
                "start": { "line": 26, "column": 0 },
                "end": { "line": 26, "column": 37 }
            },
            "26": {
                "start": { "line": 27, "column": 0 },
                "end": { "line": 27, "column": 16 }
            },
            "27": {
                "start": { "line": 28, "column": 0 },
                "end": { "line": 28, "column": 5 }
            },
            "28": {
                "start": { "line": 29, "column": 0 },
                "end": { "line": 29, "column": 2 }
            },
            "29": {
                "start": { "line": 30, "column": 0 },
                "end": { "line": 30, "column": 63 }
            },
            "30": {
                "start": { "line": 31, "column": 0 },
                "end": { "line": 31, "column": 6 }
            },
            "31": {
                "start": { "line": 32, "column": 0 },
                "end": { "line": 32, "column": 3 }
            },
            "32": {
                "start": { "line": 33, "column": 0 },
                "end": { "line": 33, "column": 44 }
            },
            "33": {
                "start": { "line": 34, "column": 0 },
                "end": { "line": 34, "column": 33 }
            },
            "34": {
                "start": { "line": 35, "column": 0 },
                "end": { "line": 35, "column": 30 }
            },
            "35": {
                "start": { "line": 36, "column": 0 },
                "end": { "line": 36, "column": 25 }
            },
            "36": {
                "start": { "line": 37, "column": 0 },
                "end": { "line": 37, "column": 33 }
            },
            "37": {
                "start": { "line": 38, "column": 0 },
                "end": { "line": 38, "column": 0 }
            },
            "38": {
                "start": { "line": 39, "column": 0 },
                "end": { "line": 39, "column": 7 }
            },
            "39": {
                "start": { "line": 40, "column": 0 },
                "end": { "line": 40, "column": 96 }
            },
            "40": {
                "start": { "line": 41, "column": 0 },
                "end": { "line": 41, "column": 6 }
            },
            "41": {
                "start": { "line": 42, "column": 0 },
                "end": { "line": 42, "column": 60 }
            },
            "42": {
                "start": { "line": 43, "column": 0 },
                "end": { "line": 43, "column": 79 }
            },
            "43": {
                "start": { "line": 44, "column": 0 },
                "end": { "line": 44, "column": 7 }
            },
            "44": {
                "start": { "line": 45, "column": 0 },
                "end": { "line": 45, "column": 16 }
            },
            "45": {
                "start": { "line": 46, "column": 0 },
                "end": { "line": 46, "column": 23 }
            },
            "46": {
                "start": { "line": 47, "column": 0 },
                "end": { "line": 47, "column": 35 }
            },
            "47": {
                "start": { "line": 48, "column": 0 },
                "end": { "line": 48, "column": 35 }
            },
            "48": {
                "start": { "line": 49, "column": 0 },
                "end": { "line": 49, "column": 7 }
            },
            "49": {
                "start": { "line": 50, "column": 0 },
                "end": { "line": 50, "column": 38 }
            },
            "50": {
                "start": { "line": 51, "column": 0 },
                "end": { "line": 51, "column": 41 }
            },
            "51": {
                "start": { "line": 52, "column": 0 },
                "end": { "line": 52, "column": 25 }
            },
            "52": {
                "start": { "line": 53, "column": 0 },
                "end": { "line": 53, "column": 11 }
            },
            "53": {
                "start": { "line": 54, "column": 0 },
                "end": { "line": 54, "column": 0 }
            },
            "54": {
                "start": { "line": 55, "column": 0 },
                "end": { "line": 55, "column": 37 }
            },
            "55": {
                "start": { "line": 56, "column": 0 },
                "end": { "line": 56, "column": 31 }
            },
            "56": {
                "start": { "line": 57, "column": 0 },
                "end": { "line": 57, "column": 35 }
            },
            "57": {
                "start": { "line": 58, "column": 0 },
                "end": { "line": 58, "column": 25 }
            },
            "58": {
                "start": { "line": 59, "column": 0 },
                "end": { "line": 59, "column": 10 }
            },
            "59": {
                "start": { "line": 60, "column": 0 },
                "end": { "line": 60, "column": 33 }
            },
            "60": {
                "start": { "line": 61, "column": 0 },
                "end": { "line": 61, "column": 61 }
            },
            "61": {
                "start": { "line": 62, "column": 0 },
                "end": { "line": 62, "column": 5 }
            },
            "62": {
                "start": { "line": 63, "column": 0 },
                "end": { "line": 63, "column": 0 }
            },
            "63": {
                "start": { "line": 64, "column": 0 },
                "end": { "line": 64, "column": 7 }
            },
            "64": {
                "start": { "line": 65, "column": 0 },
                "end": { "line": 65, "column": 43 }
            },
            "65": {
                "start": { "line": 66, "column": 0 },
                "end": { "line": 66, "column": 6 }
            },
            "66": {
                "start": { "line": 67, "column": 0 },
                "end": { "line": 67, "column": 54 }
            },
            "67": {
                "start": { "line": 68, "column": 0 },
                "end": { "line": 68, "column": 55 }
            },
            "68": {
                "start": { "line": 69, "column": 0 },
                "end": { "line": 69, "column": 68 }
            },
            "69": {
                "start": { "line": 70, "column": 0 },
                "end": { "line": 70, "column": 71 }
            },
            "70": {
                "start": { "line": 71, "column": 0 },
                "end": { "line": 71, "column": 124 }
            },
            "71": {
                "start": { "line": 72, "column": 0 },
                "end": { "line": 72, "column": 7 }
            },
            "72": {
                "start": { "line": 73, "column": 0 },
                "end": { "line": 73, "column": 24 }
            },
            "73": {
                "start": { "line": 74, "column": 0 },
                "end": { "line": 74, "column": 22 }
            },
            "74": {
                "start": { "line": 75, "column": 0 },
                "end": { "line": 75, "column": 28 }
            },
            "75": {
                "start": { "line": 76, "column": 0 },
                "end": { "line": 76, "column": 27 }
            },
            "76": {
                "start": { "line": 77, "column": 0 },
                "end": { "line": 77, "column": 27 }
            },
            "77": {
                "start": { "line": 78, "column": 0 },
                "end": { "line": 78, "column": 29 }
            },
            "78": {
                "start": { "line": 79, "column": 0 },
                "end": { "line": 79, "column": 31 }
            },
            "79": {
                "start": { "line": 80, "column": 0 },
                "end": { "line": 80, "column": 13 }
            },
            "80": {
                "start": { "line": 81, "column": 0 },
                "end": { "line": 81, "column": 68 }
            },
            "81": {
                "start": { "line": 82, "column": 0 },
                "end": { "line": 82, "column": 53 }
            },
            "82": {
                "start": { "line": 83, "column": 0 },
                "end": { "line": 83, "column": 28 }
            },
            "83": {
                "start": { "line": 84, "column": 0 },
                "end": { "line": 84, "column": 33 }
            },
            "84": {
                "start": { "line": 85, "column": 0 },
                "end": { "line": 85, "column": 23 }
            },
            "85": {
                "start": { "line": 86, "column": 0 },
                "end": { "line": 86, "column": 23 }
            },
            "86": {
                "start": { "line": 87, "column": 0 },
                "end": { "line": 87, "column": 30 }
            },
            "87": {
                "start": { "line": 88, "column": 0 },
                "end": { "line": 88, "column": 23 }
            },
            "88": {
                "start": { "line": 89, "column": 0 },
                "end": { "line": 89, "column": 44 }
            },
            "89": {
                "start": { "line": 90, "column": 0 },
                "end": { "line": 90, "column": 25 }
            },
            "90": {
                "start": { "line": 91, "column": 0 },
                "end": { "line": 91, "column": 56 }
            },
            "91": {
                "start": { "line": 92, "column": 0 },
                "end": { "line": 92, "column": 24 }
            },
            "92": {
                "start": { "line": 93, "column": 0 },
                "end": { "line": 93, "column": 9 }
            },
            "93": {
                "start": { "line": 94, "column": 0 },
                "end": { "line": 94, "column": 5 }
            },
            "94": {
                "start": { "line": 95, "column": 0 },
                "end": { "line": 95, "column": 0 }
            },
            "95": {
                "start": { "line": 96, "column": 0 },
                "end": { "line": 96, "column": 7 }
            },
            "96": {
                "start": { "line": 97, "column": 0 },
                "end": { "line": 97, "column": 44 }
            },
            "97": {
                "start": { "line": 98, "column": 0 },
                "end": { "line": 98, "column": 6 }
            },
            "98": {
                "start": { "line": 99, "column": 0 },
                "end": { "line": 99, "column": 54 }
            },
            "99": {
                "start": { "line": 100, "column": 0 },
                "end": { "line": 100, "column": 50 }
            },
            "100": {
                "start": { "line": 101, "column": 0 },
                "end": { "line": 101, "column": 59 }
            },
            "101": {
                "start": { "line": 102, "column": 0 },
                "end": { "line": 102, "column": 65 }
            },
            "102": {
                "start": { "line": 103, "column": 0 },
                "end": { "line": 103, "column": 72 }
            },
            "103": {
                "start": { "line": 104, "column": 0 },
                "end": { "line": 104, "column": 7 }
            },
            "104": {
                "start": { "line": 105, "column": 0 },
                "end": { "line": 105, "column": 26 }
            },
            "105": {
                "start": { "line": 106, "column": 0 },
                "end": { "line": 106, "column": 22 }
            },
            "106": {
                "start": { "line": 107, "column": 0 },
                "end": { "line": 107, "column": 22 }
            },
            "107": {
                "start": { "line": 108, "column": 0 },
                "end": { "line": 108, "column": 30 }
            },
            "108": {
                "start": { "line": 109, "column": 0 },
                "end": { "line": 109, "column": 29 }
            },
            "109": {
                "start": { "line": 110, "column": 0 },
                "end": { "line": 110, "column": 35 }
            },
            "110": {
                "start": { "line": 111, "column": 0 },
                "end": { "line": 111, "column": 38 }
            },
            "111": {
                "start": { "line": 112, "column": 0 },
                "end": { "line": 112, "column": 13 }
            },
            "112": {
                "start": { "line": 113, "column": 0 },
                "end": { "line": 113, "column": 73 }
            },
            "113": {
                "start": { "line": 114, "column": 0 },
                "end": { "line": 114, "column": 53 }
            },
            "114": {
                "start": { "line": 115, "column": 0 },
                "end": { "line": 115, "column": 22 }
            },
            "115": {
                "start": { "line": 116, "column": 0 },
                "end": { "line": 116, "column": 23 }
            },
            "116": {
                "start": { "line": 117, "column": 0 },
                "end": { "line": 117, "column": 29 }
            },
            "117": {
                "start": { "line": 118, "column": 0 },
                "end": { "line": 118, "column": 29 }
            },
            "118": {
                "start": { "line": 119, "column": 0 },
                "end": { "line": 119, "column": 60 }
            },
            "119": {
                "start": { "line": 120, "column": 0 },
                "end": { "line": 120, "column": 25 }
            },
            "120": {
                "start": { "line": 121, "column": 0 },
                "end": { "line": 121, "column": 56 }
            },
            "121": {
                "start": { "line": 122, "column": 0 },
                "end": { "line": 122, "column": 24 }
            },
            "122": {
                "start": { "line": 123, "column": 0 },
                "end": { "line": 123, "column": 9 }
            },
            "123": {
                "start": { "line": 124, "column": 0 },
                "end": { "line": 124, "column": 5 }
            },
            "124": {
                "start": { "line": 125, "column": 0 },
                "end": { "line": 125, "column": 0 }
            },
            "125": {
                "start": { "line": 126, "column": 0 },
                "end": { "line": 126, "column": 7 }
            },
            "126": {
                "start": { "line": 127, "column": 0 },
                "end": { "line": 127, "column": 25 }
            },
            "127": {
                "start": { "line": 128, "column": 0 },
                "end": { "line": 128, "column": 6 }
            },
            "128": {
                "start": { "line": 129, "column": 0 },
                "end": { "line": 129, "column": 48 }
            },
            "129": {
                "start": { "line": 130, "column": 0 },
                "end": { "line": 130, "column": 105 }
            },
            "130": {
                "start": { "line": 131, "column": 0 },
                "end": { "line": 131, "column": 7 }
            },
            "131": {
                "start": { "line": 132, "column": 0 },
                "end": { "line": 132, "column": 55 }
            },
            "132": {
                "start": { "line": 133, "column": 0 },
                "end": { "line": 133, "column": 13 }
            },
            "133": {
                "start": { "line": 134, "column": 0 },
                "end": { "line": 134, "column": 70 }
            },
            "134": {
                "start": { "line": 135, "column": 0 },
                "end": { "line": 135, "column": 52 }
            },
            "135": {
                "start": { "line": 136, "column": 0 },
                "end": { "line": 136, "column": 37 }
            },
            "136": {
                "start": { "line": 137, "column": 0 },
                "end": { "line": 137, "column": 25 }
            },
            "137": {
                "start": { "line": 138, "column": 0 },
                "end": { "line": 138, "column": 56 }
            },
            "138": {
                "start": { "line": 139, "column": 0 },
                "end": { "line": 139, "column": 24 }
            },
            "139": {
                "start": { "line": 140, "column": 0 },
                "end": { "line": 140, "column": 9 }
            },
            "140": {
                "start": { "line": 141, "column": 0 },
                "end": { "line": 141, "column": 5 }
            },
            "141": {
                "start": { "line": 142, "column": 0 },
                "end": { "line": 142, "column": 0 }
            },
            "142": {
                "start": { "line": 143, "column": 0 },
                "end": { "line": 143, "column": 7 }
            },
            "143": {
                "start": { "line": 144, "column": 0 },
                "end": { "line": 144, "column": 53 }
            },
            "144": {
                "start": { "line": 145, "column": 0 },
                "end": { "line": 145, "column": 113 }
            },
            "145": {
                "start": { "line": 146, "column": 0 },
                "end": { "line": 146, "column": 6 }
            },
            "146": {
                "start": { "line": 147, "column": 0 },
                "end": { "line": 147, "column": 12 }
            },
            "147": {
                "start": { "line": 148, "column": 0 },
                "end": { "line": 148, "column": 67 }
            },
            "148": {
                "start": { "line": 149, "column": 0 },
                "end": { "line": 149, "column": 10 }
            },
            "149": {
                "start": { "line": 150, "column": 0 },
                "end": { "line": 150, "column": 53 }
            },
            "150": {
                "start": { "line": 151, "column": 0 },
                "end": { "line": 151, "column": 58 }
            },
            "151": {
                "start": { "line": 152, "column": 0 },
                "end": { "line": 152, "column": 51 }
            },
            "152": {
                "start": { "line": 153, "column": 0 },
                "end": { "line": 153, "column": 78 }
            },
            "153": {
                "start": { "line": 154, "column": 0 },
                "end": { "line": 154, "column": 125 }
            },
            "154": {
                "start": { "line": 155, "column": 0 },
                "end": { "line": 155, "column": 118 }
            },
            "155": {
                "start": { "line": 156, "column": 0 },
                "end": { "line": 156, "column": 7 }
            },
            "156": {
                "start": { "line": 157, "column": 0 },
                "end": { "line": 157, "column": 25 }
            },
            "157": {
                "start": { "line": 158, "column": 0 },
                "end": { "line": 158, "column": 44 }
            },
            "158": {
                "start": { "line": 159, "column": 0 },
                "end": { "line": 159, "column": 30 }
            },
            "159": {
                "start": { "line": 160, "column": 0 },
                "end": { "line": 160, "column": 21 }
            },
            "160": {
                "start": { "line": 161, "column": 0 },
                "end": { "line": 161, "column": 37 }
            },
            "161": {
                "start": { "line": 162, "column": 0 },
                "end": { "line": 162, "column": 59 }
            },
            "162": {
                "start": { "line": 163, "column": 0 },
                "end": { "line": 163, "column": 40 }
            },
            "163": {
                "start": { "line": 164, "column": 0 },
                "end": { "line": 164, "column": 13 }
            },
            "164": {
                "start": { "line": 165, "column": 0 },
                "end": { "line": 165, "column": 52 }
            },
            "165": {
                "start": { "line": 166, "column": 0 },
                "end": { "line": 166, "column": 0 }
            },
            "166": {
                "start": { "line": 167, "column": 0 },
                "end": { "line": 167, "column": 42 }
            },
            "167": {
                "start": { "line": 168, "column": 0 },
                "end": { "line": 168, "column": 17 }
            },
            "168": {
                "start": { "line": 169, "column": 0 },
                "end": { "line": 169, "column": 21 }
            },
            "169": {
                "start": { "line": 170, "column": 0 },
                "end": { "line": 170, "column": 59 }
            },
            "170": {
                "start": { "line": 171, "column": 0 },
                "end": { "line": 171, "column": 42 }
            },
            "171": {
                "start": { "line": 172, "column": 0 },
                "end": { "line": 172, "column": 41 }
            },
            "172": {
                "start": { "line": 173, "column": 0 },
                "end": { "line": 173, "column": 35 }
            },
            "173": {
                "start": { "line": 174, "column": 0 },
                "end": { "line": 174, "column": 41 }
            },
            "174": {
                "start": { "line": 175, "column": 0 },
                "end": { "line": 175, "column": 43 }
            },
            "175": {
                "start": { "line": 176, "column": 0 },
                "end": { "line": 176, "column": 22 }
            },
            "176": {
                "start": { "line": 177, "column": 0 },
                "end": { "line": 177, "column": 18 }
            },
            "177": {
                "start": { "line": 178, "column": 0 },
                "end": { "line": 178, "column": 26 }
            },
            "178": {
[...]
                "end": { "line": 105, "column": 0 }
            },
            "105": {
                "start": { "line": 106, "column": 0 },
                "end": { "line": 106, "column": 52 }
            },
            "106": {
                "start": { "line": 107, "column": 0 },
                "end": { "line": 107, "column": 66 }
            },
            "107": {
                "start": { "line": 108, "column": 0 },
                "end": { "line": 108, "column": 0 }
            },
            "108": {
                "start": { "line": 109, "column": 0 },
                "end": { "line": 109, "column": 50 }
            },
            "109": {
                "start": { "line": 110, "column": 0 },
                "end": { "line": 110, "column": 66 }
            },
            "110": {
                "start": { "line": 111, "column": 0 },
                "end": { "line": 111, "column": 0 }
            },
            "111": {
                "start": { "line": 112, "column": 0 },
                "end": { "line": 112, "column": 53 }
            },
            "112": {
                "start": { "line": 113, "column": 0 },
                "end": { "line": 113, "column": 67 }
            },
            "113": {
                "start": { "line": 114, "column": 0 },
                "end": { "line": 114, "column": 0 }
            },
            "114": {
                "start": { "line": 115, "column": 0 },
                "end": { "line": 115, "column": 48 }
            },
            "115": {
                "start": { "line": 116, "column": 0 },
                "end": { "line": 116, "column": 63 }
            },
            "116": {
                "start": { "line": 117, "column": 0 },
                "end": { "line": 117, "column": 0 }
            },
            "117": {
                "start": { "line": 118, "column": 0 },
                "end": { "line": 118, "column": 54 }
            },
            "118": {
                "start": { "line": 119, "column": 0 },
                "end": { "line": 119, "column": 63 }
            },
            "119": {
                "start": { "line": 120, "column": 0 },
                "end": { "line": 120, "column": 0 }
            },
            "120": {
                "start": { "line": 121, "column": 0 },
                "end": { "line": 121, "column": 57 }
            },
            "121": {
                "start": { "line": 122, "column": 0 },
                "end": { "line": 122, "column": 64 }
            },
            "122": {
                "start": { "line": 123, "column": 0 },
                "end": { "line": 123, "column": 0 }
            },
            "123": {
                "start": { "line": 124, "column": 0 },
                "end": { "line": 124, "column": 58 }
            },
            "124": {
                "start": { "line": 125, "column": 0 },
                "end": { "line": 125, "column": 33 }
            },
            "125": {
                "start": { "line": 126, "column": 0 },
                "end": { "line": 126, "column": 1 }
            }
        },
        "s": {
            "0": 0,
            "1": 0,
            "2": 0,
            "3": 0,
            "4": 0,
            "5": 0,
            "6": 0,
            "7": 0,
            "8": 0,
            "9": 0,
            "10": 0,
            "11": 0,
            "12": 0,
            "13": 0,
            "14": 0,
            "15": 0,
            "16": 0,
            "17": 0,
            "18": 0,
            "19": 0,
            "20": 0,
            "21": 0,
            "22": 0,
            "23": 0,
            "24": 0,
            "25": 0,
            "26": 0,
            "27": 0,
            "28": 0,
            "29": 0,
            "30": 0,
            "31": 0,
            "32": 0,
            "33": 0,
            "34": 0,
            "35": 0,
            "36": 0,
            "37": 0,
            "38": 0,
            "39": 0,
            "40": 0,
            "41": 0,
            "42": 0,
            "43": 0,
            "44": 0,
            "45": 0,
            "46": 0,
            "47": 0,
            "48": 0,
            "49": 0,
            "50": 0,
            "51": 0,
            "52": 0,
            "53": 0,
            "54": 0,
            "55": 0,
            "56": 0,
            "57": 0,
            "58": 0,
            "59": 0,
            "60": 0,
            "61": 0,
            "62": 0,
            "63": 0,
            "64": 0,
            "65": 0,
            "66": 0,
            "67": 0,
            "68": 0,
            "69": 0,
            "70": 0,
            "71": 0,
            "72": 0,
            "73": 0,
            "74": 0,
            "75": 0,
            "76": 0,
            "77": 0,
            "78": 0,
            "79": 0,
            "80": 0,
            "81": 0,
            "82": 0,
            "83": 0,
            "84": 0,
            "85": 0,
            "86": 0,
            "87": 0,
            "88": 0,
            "89": 0,
            "90": 0,
            "91": 0,
            "92": 0,
            "93": 0,
            "94": 0,
            "95": 0,
            "96": 0,
            "97": 0,
            "98": 0,
            "99": 0,
            "100": 0,
            "101": 0,
            "102": 0,
            "103": 0,
            "104": 0,
            "105": 0,
            "106": 0,
            "107": 0,
            "108": 0,
            "109": 0,
            "110": 0,
            "111": 0,
            "112": 0,
            "113": 0,
            "114": 0,
            "115": 0,
            "116": 0,
            "117": 0,
            "118": 0,
            "119": 0,
            "120": 0,
            "121": 0,
            "122": 0,
            "123": 0,
            "124": 0,
            "125": 0
        },
        "branchMap": {
            "0": {
                "type": "branch",
                "line": 1,
                "loc": {
                    "start": { "line": 1, "column": 0 },
                    "end": { "line": 126, "column": 1 }
                },
                "locations": [
                    {
                        "start": { "line": 1, "column": 0 },
                        "end": { "line": 126, "column": 1 }
                    }
                ]
            }
        },
        "b": { "0": [0] },
        "fnMap": {
            "0": {
                "name": "(empty-report)",
                "decl": {
                    "start": { "line": 1, "column": 0 },
                    "end": { "line": 126, "column": 1 }
                },
                "loc": {
                    "start": { "line": 1, "column": 0 },
                    "end": { "line": 126, "column": 1 }
                },
                "line": 1
            }
        },
        "f": { "0": 0 }
    },
    "/Users/os/Documents/code/dojo/dojo.js/packages/core/src/utils/index.ts": {
        "path": "/Users/os/Documents/code/dojo/dojo.js/packages/core/src/utils/index.ts",
        "all": false,
        "statementMap": {
            "0": {
                "start": { "line": 1, "column": 0 },
                "end": { "line": 1, "column": 3 }
            },
            "1": {
                "start": { "line": 2, "column": 0 },
                "end": { "line": 2, "column": 43 }
            },
            "2": {
                "start": { "line": 3, "column": 0 },
                "end": { "line": 3, "column": 2 }
            },
            "3": {
                "start": { "line": 4, "column": 0 },
                "end": { "line": 4, "column": 47 }
            },
            "4": {
                "start": { "line": 5, "column": 0 },
                "end": { "line": 5, "column": 51 }
            },
            "5": {
                "start": { "line": 6, "column": 0 },
                "end": { "line": 6, "column": 38 }
            },
            "6": {
                "start": { "line": 7, "column": 0 },
                "end": { "line": 7, "column": 2 }
            },
            "7": {
                "start": { "line": 8, "column": 0 },
                "end": { "line": 8, "column": 3 }
            },
            "8": {
                "start": { "line": 9, "column": 0 },
                "end": { "line": 9, "column": 67 }
            },
            "9": {
                "start": { "line": 10, "column": 0 },
                "end": { "line": 10, "column": 55 }
            },
            "10": {
                "start": { "line": 11, "column": 0 },
                "end": { "line": 11, "column": 52 }
            },
            "11": {
                "start": { "line": 12, "column": 0 },
                "end": { "line": 12, "column": 69 }
            },
            "12": {
                "start": { "line": 13, "column": 0 },
                "end": { "line": 13, "column": 16 }
            },
            "13": {
                "start": { "line": 14, "column": 0 },
                "end": { "line": 14, "column": 78 }
            },
            "14": {
                "start": { "line": 15, "column": 0 },
                "end": { "line": 15, "column": 10 }
            },
            "15": {
                "start": { "line": 16, "column": 0 },
                "end": { "line": 16, "column": 7 }
            },
            "16": {
                "start": { "line": 17, "column": 0 },
                "end": { "line": 17, "column": 2 }
            },
            "17": {
                "start": { "line": 18, "column": 0 },
                "end": { "line": 18, "column": 0 }
            },
            "18": {
                "start": { "line": 19, "column": 0 },
                "end": { "line": 19, "column": 3 }
            },
            "19": {
                "start": { "line": 20, "column": 0 },
                "end": { "line": 20, "column": 41 }
            },
            "20": {
                "start": { "line": 21, "column": 0 },
                "end": { "line": 21, "column": 2 }
            },
            "21": {
                "start": { "line": 22, "column": 0 },
                "end": { "line": 22, "column": 41 }
            },
            "22": {
                "start": { "line": 23, "column": 0 },
                "end": { "line": 23, "column": 36 }
            },
            "23": {
                "start": { "line": 24, "column": 0 },
                "end": { "line": 24, "column": 2 }
            },
            "24": {
                "start": { "line": 25, "column": 0 },
                "end": { "line": 25, "column": 3 }
            },
            "25": {
                "start": { "line": 26, "column": 0 },
                "end": { "line": 26, "column": 47 }
            },
            "26": {
                "start": { "line": 27, "column": 0 },
                "end": { "line": 27, "column": 37 }
            },
            "27": {
                "start": { "line": 28, "column": 0 },
                "end": { "line": 28, "column": 38 }
            },
            "28": {
                "start": { "line": 29, "column": 0 },
                "end": { "line": 29, "column": 0 }
            },
            "29": {
                "start": { "line": 30, "column": 0 },
                "end": { "line": 30, "column": 21 }
            },
            "30": {
                "start": { "line": 31, "column": 0 },
                "end": { "line": 31, "column": 20 }
            },
            "31": {
                "start": { "line": 32, "column": 0 },
                "end": { "line": 32, "column": 14 }
            },
            "32": {
                "start": { "line": 33, "column": 0 },
                "end": { "line": 33, "column": 19 }
            },
            "33": {
                "start": { "line": 34, "column": 0 },
                "end": { "line": 34, "column": 32 }
            },
            "34": {
                "start": { "line": 35, "column": 0 },
                "end": { "line": 35, "column": 67 }
            },
            "35": {
                "start": { "line": 36, "column": 0 },
                "end": { "line": 36, "column": 51 }
            },
            "36": {
                "start": { "line": 37, "column": 0 },
                "end": { "line": 37, "column": 42 }
            },
            "37": {
                "start": { "line": 38, "column": 0 },
                "end": { "line": 38, "column": 13 }
            },
            "38": {
                "start": { "line": 39, "column": 0 },
                "end": { "line": 39, "column": 58 }
            },
            "39": {
                "start": { "line": 40, "column": 0 },
                "end": { "line": 40, "column": 41 }
            },
            "40": {
                "start": { "line": 41, "column": 0 },
                "end": { "line": 41, "column": 28 }
            },
            "41": {
                "start": { "line": 42, "column": 0 },
                "end": { "line": 42, "column": 13 }
            },
            "42": {
                "start": { "line": 43, "column": 0 },
                "end": { "line": 43, "column": 70 }
            },
            "43": {
                "start": { "line": 44, "column": 0 },
                "end": { "line": 44, "column": 78 }
            },
            "44": {
                "start": { "line": 45, "column": 0 },
                "end": { "line": 45, "column": 10 }
            },
            "45": {
                "start": { "line": 46, "column": 0 },
                "end": { "line": 46, "column": 18 }
            },
            "46": {
                "start": { "line": 47, "column": 0 },
                "end": { "line": 47, "column": 2 }
            }
        },
        "s": {
            "0": 1,
            "1": 1,
            "2": 1,
            "3": 1,
            "4": 1,
            "5": 1,
            "6": 1,
            "7": 1,
            "8": 1,
            "9": 2,
            "10": 2,
            "11": 2,
            "12": 2,
            "13": 2,
            "14": 2,
            "15": 2,
            "16": 2,
            "17": 1,
            "18": 1,
            "19": 1,
            "20": 1,
            "21": 1,
            "22": 1,
            "23": 1,
            "24": 1,
            "25": 1,
            "26": 4,
            "27": 4,
            "28": 4,
            "29": 4,
            "30": 4,
            "31": 4,
            "32": 4,
            "33": 4,
            "34": 9,
            "35": 9,
            "36": 1,
            "37": 1,
            "38": 8,
            "39": 9,
            "40": 1,
            "41": 1,
            "42": 7,
            "43": 7,
            "44": 4,
            "45": 4,
            "46": 4
        },
        "branchMap": {
            "0": {
                "type": "branch",
                "line": 9,
                "loc": {
                    "start": { "line": 9, "column": 33 },
                    "end": { "line": 17, "column": 2 }
                },
                "locations": [
                    {
                        "start": { "line": 9, "column": 33 },
                        "end": { "line": 17, "column": 2 }
                    }
                ]
            },
            "1": {
                "type": "branch",
                "line": 10,
                "loc": {
                    "start": { "line": 10, "column": 35 },
                    "end": { "line": 16, "column": 5 }
                },
                "locations": [
                    {
                        "start": { "line": 10, "column": 35 },
                        "end": { "line": 16, "column": 5 }
                    }
                ]
            },
            "2": {
                "type": "branch",
                "line": 14,
                "loc": {
                    "start": { "line": 14, "column": 48 },
                    "end": { "line": 14, "column": 78 }
                },
                "locations": [
                    {
                        "start": { "line": 14, "column": 48 },
                        "end": { "line": 14, "column": 78 }
                    }
                ]
            },
            "3": {
                "type": "branch",
                "line": 26,
                "loc": {
                    "start": { "line": 26, "column": 30 },
                    "end": { "line": 47, "column": 2 }
                },
                "locations": [
                    {
                        "start": { "line": 26, "column": 30 },
                        "end": { "line": 47, "column": 2 }
                    }
                ]
            },
            "4": {
                "type": "branch",
                "line": 34,
                "loc": {
                    "start": { "line": 34, "column": 13 },
                    "end": { "line": 45, "column": 9 }
                },
                "locations": [
                    {
                        "start": { "line": 34, "column": 13 },
                        "end": { "line": 45, "column": 9 }
                    }
                ]
            },
            "5": {
                "type": "branch",
                "line": 36,
                "loc": {
                    "start": { "line": 36, "column": 50 },
                    "end": { "line": 38, "column": 13 }
                },
                "locations": [
                    {
                        "start": { "line": 36, "column": 50 },
                        "end": { "line": 38, "column": 13 }
                    }
                ]
            },
            "6": {
                "type": "branch",
                "line": 38,
                "loc": {
                    "start": { "line": 38, "column": 12 },
                    "end": { "line": 40, "column": 40 }
                },
                "locations": [
                    {
                        "start": { "line": 38, "column": 12 },
                        "end": { "line": 40, "column": 40 }
                    }
                ]
            },
            "7": {
                "type": "branch",
                "line": 40,
                "loc": {
                    "start": { "line": 40, "column": 40 },
                    "end": { "line": 42, "column": 13 }
                },
                "locations": [
                    {
                        "start": { "line": 40, "column": 40 },
                        "end": { "line": 42, "column": 13 }
                    }
                ]
            },
            "8": {
                "type": "branch",
                "line": 42,
                "loc": {
                    "start": { "line": 42, "column": 12 },
                    "end": { "line": 44, "column": 78 }
                },
                "locations": [
                    {
                        "start": { "line": 42, "column": 12 },
                        "end": { "line": 44, "column": 78 }
                    }
                ]
            }
        },
        "b": {
            "0": [2],
            "1": [2],
            "2": [1],
            "3": [4],
            "4": [9],
            "5": [1],
            "6": [8],
            "7": [1],
            "8": [7]
        },
        "fnMap": {
            "0": {
                "name": "getContractByName",
                "decl": {
                    "start": { "line": 9, "column": 33 },
                    "end": { "line": 17, "column": 2 }
                },
                "loc": {
                    "start": { "line": 9, "column": 33 },
                    "end": { "line": 17, "column": 2 }
                },
                "line": 9
            },
            "1": {
                "name": "parseModelName",
                "decl": {
                    "start": { "line": 26, "column": 30 },
                    "end": { "line": 47, "column": 2 }
                },
                "loc": {
                    "start": { "line": 26, "column": 30 },
                    "end": { "line": 47, "column": 2 }
                },
                "line": 26
            }
        },
        "f": { "0": 2, "1": 4 }
    }
}
