{
    "/Users/phoenix/Documents/dojo.js/packages/create-burner/src/index.ts": {
        "path": "/Users/phoenix/Documents/dojo.js/packages/create-burner/src/index.ts",
        "all": false,
        "statementMap": {
            "0": {
                "start": { "line": 1, "column": 0 },
                "end": { "line": 1, "column": 29 }
            },
            "1": {
                "start": { "line": 2, "column": 0 },
                "end": { "line": 2, "column": 28 }
            },
            "2": {
                "start": { "line": 3, "column": 0 },
                "end": { "line": 3, "column": 26 }
            },
            "3": {
                "start": { "line": 4, "column": 0 },
                "end": { "line": 4, "column": 24 }
            },
            "4": {
                "start": { "line": 5, "column": 0 },
                "end": { "line": 5, "column": 26 }
            },
            "5": {
                "start": { "line": 6, "column": 0 },
                "end": { "line": 6, "column": 24 }
            }
        },
        "s": { "0": 1, "1": 1, "2": 1, "3": 1, "4": 1, "5": 1 },
        "branchMap": {},
        "b": {},
        "fnMap": {},
        "f": {}
    },
    "/Users/phoenix/Documents/dojo.js/packages/create-burner/src/connectors/burner.ts": {
        "path": "/Users/phoenix/Documents/dojo.js/packages/create-burner/src/connectors/burner.ts",
        "all": false,
        "statementMap": {
            "0": {
                "start": { "line": 1, "column": 0 },
                "end": { "line": 1, "column": 53 }
            },
            "1": {
                "start": { "line": 2, "column": 0 },
                "end": { "line": 2, "column": 49 }
            },
            "2": {
                "start": { "line": 3, "column": 0 },
                "end": { "line": 3, "column": 0 }
            },
            "3": {
                "start": { "line": 4, "column": 0 },
                "end": { "line": 4, "column": 3 }
            },
            "4": {
                "start": { "line": 5, "column": 0 },
                "end": { "line": 5, "column": 2 }
            },
            "5": {
                "start": { "line": 6, "column": 0 },
                "end": { "line": 6, "column": 25 }
            },
            "6": {
                "start": { "line": 7, "column": 0 },
                "end": { "line": 7, "column": 2 }
            },
            "7": {
                "start": { "line": 8, "column": 0 },
                "end": { "line": 8, "column": 80 }
            },
            "8": {
                "start": { "line": 9, "column": 0 },
                "end": { "line": 9, "column": 66 }
            },
            "9": {
                "start": { "line": 10, "column": 0 },
                "end": { "line": 10, "column": 2 }
            },
            "10": {
                "start": { "line": 11, "column": 0 },
                "end": { "line": 11, "column": 2 }
            },
            "11": {
                "start": { "line": 12, "column": 0 },
                "end": { "line": 12, "column": 3 }
            },
            "12": {
                "start": { "line": 13, "column": 0 },
                "end": { "line": 13, "column": 48 }
            },
            "13": {
                "start": { "line": 14, "column": 0 },
                "end": { "line": 14, "column": 56 }
            },
            "14": {
                "start": { "line": 15, "column": 0 },
                "end": { "line": 15, "column": 46 }
            },
            "15": {
                "start": { "line": 16, "column": 0 },
                "end": { "line": 16, "column": 0 }
            },
            "16": {
                "start": { "line": 17, "column": 0 },
                "end": { "line": 17, "column": 78 }
            },
            "17": {
                "start": { "line": 18, "column": 0 },
                "end": { "line": 18, "column": 27 }
            },
            "18": {
                "start": { "line": 19, "column": 0 },
                "end": { "line": 19, "column": 32 }
            },
            "19": {
                "start": { "line": 20, "column": 0 },
                "end": { "line": 20, "column": 5 }
            },
            "20": {
                "start": { "line": 21, "column": 0 },
                "end": { "line": 21, "column": 0 }
            },
            "21": {
                "start": { "line": 22, "column": 0 },
                "end": { "line": 22, "column": 26 }
            },
            "22": {
                "start": { "line": 23, "column": 0 },
                "end": { "line": 23, "column": 20 }
            },
            "23": {
                "start": { "line": 24, "column": 0 },
                "end": { "line": 24, "column": 5 }
            },
            "24": {
                "start": { "line": 25, "column": 0 },
                "end": { "line": 25, "column": 0 }
            },
            "25": {
                "start": { "line": 26, "column": 0 },
                "end": { "line": 26, "column": 37 }
            },
            "26": {
                "start": { "line": 27, "column": 0 },
                "end": { "line": 27, "column": 20 }
            },
            "27": {
                "start": { "line": 28, "column": 0 },
                "end": { "line": 28, "column": 5 }
            },
            "28": {
                "start": { "line": 29, "column": 0 },
                "end": { "line": 29, "column": 0 }
            },
            "29": {
                "start": { "line": 30, "column": 0 },
                "end": { "line": 30, "column": 48 }
            },
            "30": {
                "start": { "line": 31, "column": 0 },
                "end": { "line": 31, "column": 29 }
            },
            "31": {
                "start": { "line": 32, "column": 0 },
                "end": { "line": 32, "column": 49 }
            },
            "32": {
                "start": { "line": 33, "column": 0 },
                "end": { "line": 33, "column": 9 }
            },
            "33": {
                "start": { "line": 34, "column": 0 },
                "end": { "line": 34, "column": 46 }
            },
            "34": {
                "start": { "line": 35, "column": 0 },
                "end": { "line": 35, "column": 5 }
            },
            "35": {
                "start": { "line": 36, "column": 0 },
                "end": { "line": 36, "column": 0 }
            },
            "36": {
                "start": { "line": 37, "column": 0 },
                "end": { "line": 37, "column": 39 }
            },
            "37": {
                "start": { "line": 38, "column": 0 },
                "end": { "line": 38, "column": 47 }
            },
            "38": {
                "start": { "line": 39, "column": 0 },
                "end": { "line": 39, "column": 5 }
            },
            "39": {
                "start": { "line": 40, "column": 0 },
                "end": { "line": 40, "column": 0 }
            },
            "40": {
                "start": { "line": 41, "column": 0 },
                "end": { "line": 41, "column": 46 }
            },
            "41": {
                "start": { "line": 42, "column": 0 },
                "end": { "line": 42, "column": 33 }
            },
            "42": {
                "start": { "line": 43, "column": 0 },
                "end": { "line": 43, "column": 5 }
            },
            "43": {
                "start": { "line": 44, "column": 0 },
                "end": { "line": 44, "column": 0 }
            },
            "44": {
                "start": { "line": 45, "column": 0 },
                "end": { "line": 45, "column": 48 }
            },
            "45": {
                "start": { "line": 46, "column": 0 },
                "end": { "line": 46, "column": 33 }
            },
            "46": {
                "start": { "line": 47, "column": 0 },
                "end": { "line": 47, "column": 5 }
            },
            "47": {
                "start": { "line": 48, "column": 0 },
                "end": { "line": 48, "column": 0 }
            },
            "48": {
                "start": { "line": 49, "column": 0 },
                "end": { "line": 49, "column": 55 }
            },
            "49": {
                "start": { "line": 50, "column": 0 },
                "end": { "line": 50, "column": 46 }
            },
            "50": {
                "start": { "line": 51, "column": 0 },
                "end": { "line": 51, "column": 5 }
            },
            "51": {
                "start": { "line": 52, "column": 0 },
                "end": { "line": 52, "column": 0 }
            },
            "52": {
                "start": { "line": 53, "column": 0 },
                "end": { "line": 53, "column": 22 }
            },
            "53": {
                "start": { "line": 54, "column": 0 },
                "end": { "line": 54, "column": 69 }
            },
            "54": {
                "start": { "line": 55, "column": 0 },
                "end": { "line": 55, "column": 5 }
            },
            "55": {
                "start": { "line": 56, "column": 0 },
                "end": { "line": 56, "column": 0 }
            },
            "56": {
                "start": { "line": 57, "column": 0 },
                "end": { "line": 57, "column": 24 }
            },
            "57": {
                "start": { "line": 58, "column": 0 },
                "end": { "line": 58, "column": 26 }
            },
            "58": {
                "start": { "line": 59, "column": 0 },
                "end": { "line": 59, "column": 5 }
            },
            "59": {
                "start": { "line": 60, "column": 0 },
                "end": { "line": 60, "column": 0 }
            },
            "60": {
                "start": { "line": 61, "column": 0 },
                "end": { "line": 61, "column": 24 }
            },
            "61": {
                "start": { "line": 62, "column": 0 },
                "end": { "line": 62, "column": 29 }
            },
            "62": {
                "start": { "line": 63, "column": 0 },
                "end": { "line": 63, "column": 5 }
            },
            "63": {
                "start": { "line": 64, "column": 0 },
                "end": { "line": 64, "column": 1 }
            }
        },
        "s": {
            "0": 1,
            "1": 1,
            "2": 1,
            "3": 1,
            "4": 1,
            "5": 1,
            "6": 1,
            "7": 1,
            "8": 1,
            "9": 1,
            "10": 1,
            "11": 1,
            "12": 1,
            "13": 2,
            "14": 2,
            "15": 2,
            "16": 2,
            "17": 2,
            "18": 2,
            "19": 2,
            "20": 2,
            "21": 2,
            "22": 2,
            "23": 2,
            "24": 2,
            "25": 2,
            "26": 4,
            "27": 4,
            "28": 2,
            "29": 2,
            "30": 2,
            "31": 1,
            "32": 1,
            "33": 1,
            "34": 2,
            "35": 2,
            "36": 2,
            "37": 2,
            "38": 2,
            "39": 2,
            "40": 2,
            "41": 0,
            "42": 0,
            "43": 2,
            "44": 2,
            "45": 0,
            "46": 0,
            "47": 2,
            "48": 2,
            "49": 2,
            "50": 2,
            "51": 2,
            "52": 2,
            "53": 3,
            "54": 3,
            "55": 2,
            "56": 2,
            "57": 4,
            "58": 4,
            "59": 2,
            "60": 2,
            "61": 2,
            "62": 2,
            "63": 2
        },
        "branchMap": {
            "0": {
                "type": "branch",
                "line": 13,
                "loc": {
                    "start": { "line": 13, "column": 7 },
                    "end": { "line": 64, "column": 1 }
                },
                "locations": [
                    {
                        "start": { "line": 13, "column": 7 },
                        "end": { "line": 64, "column": 1 }
                    }
                ]
            },
            "1": {
                "type": "branch",
                "line": 17,
                "loc": {
                    "start": { "line": 17, "column": 4 },
                    "end": { "line": 20, "column": 5 }
                },
                "locations": [
                    {
                        "start": { "line": 17, "column": 4 },
                        "end": { "line": 20, "column": 5 }
                    }
                ]
            },
            "2": {
                "type": "branch",
                "line": 22,
                "loc": {
                    "start": { "line": 22, "column": 4 },
                    "end": { "line": 24, "column": 5 }
                },
                "locations": [
                    {
                        "start": { "line": 22, "column": 4 },
                        "end": { "line": 24, "column": 5 }
                    }
                ]
            },
            "3": {
                "type": "branch",
                "line": 26,
                "loc": {
                    "start": { "line": 26, "column": 4 },
                    "end": { "line": 28, "column": 5 }
                },
                "locations": [
                    {
                        "start": { "line": 26, "column": 4 },
                        "end": { "line": 28, "column": 5 }
                    }
                ]
            },
            "4": {
                "type": "branch",
                "line": 30,
                "loc": {
                    "start": { "line": 30, "column": 4 },
                    "end": { "line": 35, "column": 5 }
                },
                "locations": [
                    {
                        "start": { "line": 30, "column": 4 },
                        "end": { "line": 35, "column": 5 }
                    }
                ]
            },
            "5": {
                "type": "branch",
                "line": 31,
                "loc": {
                    "start": { "line": 31, "column": 28 },
                    "end": { "line": 34, "column": 46 }
                },
                "locations": [
                    {
                        "start": { "line": 31, "column": 28 },
                        "end": { "line": 34, "column": 46 }
                    }
                ]
            },
            "6": {
                "type": "branch",
                "line": 37,
                "loc": {
                    "start": { "line": 37, "column": 4 },
                    "end": { "line": 39, "column": 5 }
                },
                "locations": [
                    {
                        "start": { "line": 37, "column": 4 },
                        "end": { "line": 39, "column": 5 }
                    }
                ]
            },
            "7": {
                "type": "branch",
                "line": 49,
                "loc": {
                    "start": { "line": 49, "column": 4 },
                    "end": { "line": 51, "column": 5 }
                },
                "locations": [
                    {
                        "start": { "line": 49, "column": 4 },
                        "end": { "line": 51, "column": 5 }
                    }
                ]
            },
            "8": {
                "type": "branch",
                "line": 53,
                "loc": {
                    "start": { "line": 53, "column": 4 },
                    "end": { "line": 55, "column": 5 }
                },
                "locations": [
                    {
                        "start": { "line": 53, "column": 4 },
                        "end": { "line": 55, "column": 5 }
                    }
                ]
            },
            "9": {
                "type": "branch",
                "line": 54,
                "loc": {
                    "start": { "line": 54, "column": 20 },
                    "end": { "line": 54, "column": 38 }
                },
                "locations": [
                    {
                        "start": { "line": 54, "column": 20 },
                        "end": { "line": 54, "column": 38 }
                    }
                ]
            },
            "10": {
                "type": "branch",
                "line": 54,
                "loc": {
                    "start": { "line": 54, "column": 47 },
                    "end": { "line": 54, "column": 69 }
                },
                "locations": [
                    {
                        "start": { "line": 54, "column": 47 },
                        "end": { "line": 54, "column": 69 }
                    }
                ]
            },
            "11": {
                "type": "branch",
                "line": 57,
                "loc": {
                    "start": { "line": 57, "column": 4 },
                    "end": { "line": 59, "column": 5 }
                },
                "locations": [
                    {
                        "start": { "line": 57, "column": 4 },
                        "end": { "line": 59, "column": 5 }
                    }
                ]
            },
            "12": {
                "type": "branch",
                "line": 61,
                "loc": {
                    "start": { "line": 61, "column": 4 },
                    "end": { "line": 63, "column": 5 }
                },
                "locations": [
                    {
                        "start": { "line": 61, "column": 4 },
                        "end": { "line": 63, "column": 5 }
                    }
                ]
            }
        },
        "b": {
            "0": [2],
            "1": [2],
            "2": [2],
            "3": [4],
            "4": [2],
            "5": [1],
            "6": [2],
            "7": [2],
            "8": [3],
            "9": [2],
            "10": [1],
            "11": [4],
            "12": [2]
        },
        "fnMap": {
            "0": {
                "name": "<instance_members_initializer>",
                "decl": {
                    "start": { "line": 13, "column": 7 },
                    "end": { "line": 64, "column": 1 }
                },
                "loc": {
                    "start": { "line": 13, "column": 7 },
                    "end": { "line": 64, "column": 1 }
                },
                "line": 13
            },
            "1": {
                "name": "BurnerConnector",
                "decl": {
                    "start": { "line": 17, "column": 4 },
                    "end": { "line": 20, "column": 5 }
                },
                "loc": {
                    "start": { "line": 17, "column": 4 },
                    "end": { "line": 20, "column": 5 }
                },
                "line": 17
            },
            "2": {
                "name": "available",
                "decl": {
                    "start": { "line": 22, "column": 4 },
                    "end": { "line": 24, "column": 5 }
                },
                "loc": {
                    "start": { "line": 22, "column": 4 },
                    "end": { "line": 24, "column": 5 }
                },
                "line": 22
            },
            "3": {
                "name": "ready",
                "decl": {
                    "start": { "line": 26, "column": 4 },
                    "end": { "line": 28, "column": 5 }
                },
                "loc": {
                    "start": { "line": 26, "column": 4 },
                    "end": { "line": 28, "column": 5 }
                },
                "line": 26
            },
            "4": {
                "name": "connect",
                "decl": {
                    "start": { "line": 30, "column": 4 },
                    "end": { "line": 35, "column": 5 }
                },
                "loc": {
                    "start": { "line": 30, "column": 4 },
                    "end": { "line": 35, "column": 5 }
                },
                "line": 30
            },
            "5": {
                "name": "disconnect",
                "decl": {
                    "start": { "line": 37, "column": 4 },
                    "end": { "line": 39, "column": 5 }
                },
                "loc": {
                    "start": { "line": 37, "column": 4 },
                    "end": { "line": 39, "column": 5 }
                },
                "line": 37
            },
            "6": {
                "name": "initEventListener",
                "decl": {
                    "start": { "line": 41, "column": 4 },
                    "end": { "line": 43, "column": 5 }
                },
                "loc": {
                    "start": { "line": 41, "column": 4 },
                    "end": { "line": 43, "column": 5 }
                },
                "line": 41
            },
            "7": {
                "name": "removeEventListener",
                "decl": {
                    "start": { "line": 45, "column": 4 },
                    "end": { "line": 47, "column": 5 }
                },
                "loc": {
                    "start": { "line": 45, "column": 4 },
                    "end": { "line": 47, "column": 5 }
                },
                "line": 45
            },
            "8": {
                "name": "account",
                "decl": {
                    "start": { "line": 49, "column": 4 },
                    "end": { "line": 51, "column": 5 }
                },
                "loc": {
                    "start": { "line": 49, "column": 4 },
                    "end": { "line": 51, "column": 5 }
                },
                "line": 49
            },
            "9": {
                "name": "get id",
                "decl": {
                    "start": { "line": 53, "column": 4 },
                    "end": { "line": 55, "column": 5 }
                },
                "loc": {
                    "start": { "line": 53, "column": 4 },
                    "end": { "line": 55, "column": 5 }
                },
                "line": 53
            },
            "10": {
                "name": "get name",
                "decl": {
                    "start": { "line": 57, "column": 4 },
                    "end": { "line": 59, "column": 5 }
                },
                "loc": {
                    "start": { "line": 57, "column": 4 },
                    "end": { "line": 59, "column": 5 }
                },
                "line": 57
            },
            "11": {
                "name": "get icon",
                "decl": {
                    "start": { "line": 61, "column": 4 },
                    "end": { "line": 63, "column": 5 }
                },
                "loc": {
                    "start": { "line": 61, "column": 4 },
                    "end": { "line": 63, "column": 5 }
                },
                "line": 61
            }
        },
        "f": {
            "0": 2,
            "1": 2,
            "2": 2,
            "3": 4,
            "4": 2,
            "5": 2,
            "6": 0,
            "7": 0,
            "8": 2,
            "9": 3,
            "10": 4,
            "11": 2
        }
    },
    "/Users/phoenix/Documents/dojo.js/packages/create-burner/src/connectors/index.ts": {
        "path": "/Users/phoenix/Documents/dojo.js/packages/create-burner/src/connectors/index.ts",
        "all": false,
        "statementMap": {
            "0": {
                "start": { "line": 1, "column": 0 },
                "end": { "line": 1, "column": 25 }
            }
        },
        "s": { "0": 1 },
        "branchMap": {},
        "b": {},
        "fnMap": {},
        "f": {}
    },
    "/Users/phoenix/Documents/dojo.js/packages/create-burner/src/constants/index.ts": {
        "path": "/Users/phoenix/Documents/dojo.js/packages/create-burner/src/constants/index.ts",
        "all": false,
        "statementMap": {
            "0": {
                "start": { "line": 1, "column": 0 },
                "end": { "line": 1, "column": 3 }
            },
            "1": {
                "start": { "line": 2, "column": 0 },
                "end": { "line": 2, "column": 10 }
            },
            "2": {
                "start": { "line": 3, "column": 0 },
                "end": { "line": 3, "column": 2 }
            },
            "3": {
                "start": { "line": 4, "column": 0 },
                "end": { "line": 4, "column": 74 }
            },
            "4": {
                "start": { "line": 5, "column": 0 },
                "end": { "line": 5, "column": 3 }
            },
            "5": {
                "start": { "line": 6, "column": 0 },
                "end": { "line": 6, "column": 42 }
            },
            "6": {
                "start": { "line": 7, "column": 0 },
                "end": { "line": 7, "column": 49 }
            },
            "7": {
                "start": { "line": 8, "column": 0 },
                "end": { "line": 8, "column": 3 }
            },
            "8": {
                "start": { "line": 9, "column": 0 },
                "end": { "line": 9, "column": 10 }
            },
            "9": {
                "start": { "line": 10, "column": 0 },
                "end": { "line": 10, "column": 2 }
            },
            "10": {
                "start": { "line": 11, "column": 0 },
                "end": { "line": 11, "column": 74 }
            },
            "11": {
                "start": { "line": 12, "column": 0 },
                "end": { "line": 12, "column": 3 }
            },
            "12": {
                "start": { "line": 13, "column": 0 },
                "end": { "line": 13, "column": 61 }
            },
            "13": {
                "start": { "line": 14, "column": 0 },
                "end": { "line": 14, "column": 0 }
            },
            "14": {
                "start": { "line": 15, "column": 0 },
                "end": { "line": 15, "column": 3 }
            },
            "15": {
                "start": { "line": 16, "column": 0 },
                "end": { "line": 16, "column": 10 }
            },
            "16": {
                "start": { "line": 17, "column": 0 },
                "end": { "line": 17, "column": 2 }
            },
            "17": {
                "start": { "line": 18, "column": 0 },
                "end": { "line": 18, "column": 74 }
            },
            "18": {
                "start": { "line": 19, "column": 0 },
                "end": { "line": 19, "column": 3 }
            },
            "19": {
                "start": { "line": 20, "column": 0 },
                "end": { "line": 20, "column": 42 }
            },
            "20": {
                "start": { "line": 21, "column": 0 },
                "end": { "line": 21, "column": 72 }
            },
            "21": {
                "start": { "line": 22, "column": 0 },
                "end": { "line": 22, "column": 0 }
            },
            "22": {
                "start": { "line": 23, "column": 0 },
                "end": { "line": 23, "column": 3 }
            },
            "23": {
                "start": { "line": 24, "column": 0 },
                "end": { "line": 24, "column": 10 }
            },
            "24": {
                "start": { "line": 25, "column": 0 },
                "end": { "line": 25, "column": 2 }
            },
            "25": {
                "start": { "line": 26, "column": 0 },
                "end": { "line": 26, "column": 74 }
            },
            "26": {
                "start": { "line": 27, "column": 0 },
                "end": { "line": 27, "column": 3 }
            },
            "27": {
                "start": { "line": 28, "column": 0 },
                "end": { "line": 28, "column": 40 }
            },
            "28": {
                "start": { "line": 29, "column": 0 },
                "end": { "line": 29, "column": 73 }
            }
        },
        "s": {
            "0": 1,
            "1": 1,
            "2": 1,
            "3": 1,
            "4": 1,
            "5": 1,
            "6": 1,
            "7": 1,
            "8": 1,
            "9": 1,
            "10": 1,
            "11": 1,
            "12": 1,
            "13": 1,
            "14": 1,
            "15": 1,
            "16": 1,
            "17": 1,
            "18": 1,
            "19": 1,
            "20": 1,
            "21": 1,
            "22": 1,
            "23": 1,
            "24": 1,
            "25": 1,
            "26": 1,
            "27": 1,
            "28": 1
        },
        "branchMap": {},
        "b": {},
        "fnMap": {},
        "f": {}
    },
    "/Users/phoenix/Documents/dojo.js/packages/create-burner/src/context/burnerProvider.tsx": {
        "path": "/Users/phoenix/Documents/dojo.js/packages/create-burner/src/context/burnerProvider.tsx",
        "all": false,
        "statementMap": {
            "0": {
                "start": { "line": 1, "column": 0 },
                "end": { "line": 1, "column": 49 }
            },
            "1": {
                "start": { "line": 2, "column": 0 },
                "end": { "line": 2, "column": 48 }
            },
            "2": {
                "start": { "line": 3, "column": 0 },
                "end": { "line": 3, "column": 0 }
            },
            "3": {
                "start": { "line": 4, "column": 0 },
                "end": { "line": 4, "column": 78 }
            },
            "4": {
                "start": { "line": 5, "column": 0 },
                "end": { "line": 5, "column": 0 }
            },
            "5": {
                "start": { "line": 6, "column": 0 },
                "end": { "line": 6, "column": 3 }
            },
            "6": {
                "start": { "line": 7, "column": 0 },
                "end": { "line": 7, "column": 64 }
            },
            "7": {
                "start": { "line": 8, "column": 0 },
                "end": { "line": 8, "column": 3 }
            },
            "8": {
                "start": { "line": 9, "column": 0 },
                "end": { "line": 9, "column": 31 }
            },
            "9": {
                "start": { "line": 10, "column": 0 },
                "end": { "line": 10, "column": 24 }
            },
            "10": {
                "start": { "line": 11, "column": 0 },
                "end": { "line": 11, "column": 38 }
            },
            "11": {
                "start": { "line": 12, "column": 0 },
                "end": { "line": 12, "column": 1 }
            },
            "12": {
                "start": { "line": 13, "column": 0 },
                "end": { "line": 13, "column": 0 }
            },
            "13": {
                "start": { "line": 14, "column": 0 },
                "end": { "line": 14, "column": 3 }
            },
            "14": {
                "start": { "line": 15, "column": 0 },
                "end": { "line": 15, "column": 17 }
            },
            "15": {
                "start": { "line": 16, "column": 0 },
                "end": { "line": 16, "column": 2 }
            },
            "16": {
                "start": { "line": 17, "column": 0 },
                "end": { "line": 17, "column": 99 }
            },
            "17": {
                "start": { "line": 18, "column": 0 },
                "end": { "line": 18, "column": 104 }
            },
            "18": {
                "start": { "line": 19, "column": 0 },
                "end": { "line": 19, "column": 2 }
            },
            "19": {
                "start": { "line": 20, "column": 0 },
                "end": { "line": 20, "column": 9 }
            },
            "20": {
                "start": { "line": 21, "column": 0 },
                "end": { "line": 21, "column": 62 }
            },
            "21": {
                "start": { "line": 22, "column": 0 },
                "end": { "line": 22, "column": 2 }
            },
            "22": {
                "start": { "line": 23, "column": 0 },
                "end": { "line": 23, "column": 31 }
            },
            "23": {
                "start": { "line": 24, "column": 0 },
                "end": { "line": 24, "column": 2 }
            },
            "24": {
                "start": { "line": 25, "column": 0 },
                "end": { "line": 25, "column": 22 }
            },
            "25": {
                "start": { "line": 26, "column": 0 },
                "end": { "line": 26, "column": 14 }
            },
            "26": {
                "start": { "line": 27, "column": 0 },
                "end": { "line": 27, "column": 51 }
            },
            "27": {
                "start": { "line": 28, "column": 0 },
                "end": { "line": 28, "column": 20 }
            },
            "28": {
                "start": { "line": 29, "column": 0 },
                "end": { "line": 29, "column": 25 }
            },
            "29": {
                "start": { "line": 30, "column": 0 },
                "end": { "line": 30, "column": 6 }
            },
            "30": {
                "start": { "line": 31, "column": 0 },
                "end": { "line": 31, "column": 6 }
            },
            "31": {
                "start": { "line": 32, "column": 0 },
                "end": { "line": 32, "column": 2 }
            },
            "32": {
                "start": { "line": 33, "column": 0 },
                "end": { "line": 33, "column": 18 }
            },
            "33": {
                "start": { "line": 34, "column": 0 },
                "end": { "line": 34, "column": 21 }
            },
            "34": {
                "start": { "line": 35, "column": 0 },
                "end": { "line": 35, "column": 3 }
            },
            "35": {
                "start": { "line": 36, "column": 0 },
                "end": { "line": 36, "column": 0 }
            },
            "36": {
                "start": { "line": 37, "column": 0 },
                "end": { "line": 37, "column": 32 }
            },
            "37": {
                "start": { "line": 38, "column": 0 },
                "end": { "line": 38, "column": 13 }
            },
            "38": {
                "start": { "line": 39, "column": 0 },
                "end": { "line": 39, "column": 16 }
            },
            "39": {
                "start": { "line": 40, "column": 0 },
                "end": { "line": 40, "column": 41 }
            },
            "40": {
                "start": { "line": 41, "column": 0 },
                "end": { "line": 41, "column": 12 }
            },
            "41": {
                "start": { "line": 42, "column": 0 },
                "end": { "line": 42, "column": 52 }
            },
            "42": {
                "start": { "line": 43, "column": 0 },
                "end": { "line": 43, "column": 22 }
            },
            "43": {
                "start": { "line": 44, "column": 0 },
                "end": { "line": 44, "column": 33 }
            },
            "44": {
                "start": { "line": 45, "column": 0 },
                "end": { "line": 45, "column": 6 }
            },
            "45": {
                "start": { "line": 46, "column": 0 },
                "end": { "line": 46, "column": 2 }
            }
        },
        "s": {
            "0": 1,
            "1": 1,
            "2": 1,
            "3": 1,
            "4": 1,
            "5": 1,
            "6": 1,
            "7": 1,
            "8": 1,
            "9": 1,
            "10": 1,
            "11": 1,
            "12": 1,
            "13": 1,
            "14": 1,
            "15": 1,
            "16": 1,
            "17": 1,
            "18": 1,
            "19": 1,
            "20": 1,
            "21": 1,
            "22": 1,
            "23": 1,
            "24": 1,
            "25": 1,
            "26": 1,
            "27": 1,
            "28": 1,
            "29": 1,
            "30": 1,
            "31": 1,
            "32": 1,
            "33": 1,
            "34": 1,
            "35": 1,
            "36": 1,
            "37": 0,
            "38": 0,
            "39": 0,
            "40": 0,
            "41": 0,
            "42": 0,
            "43": 0,
            "44": 0,
            "45": 0
        },
        "branchMap": {},
        "b": {},
        "fnMap": {
            "0": {
                "name": "BurnerProvider",
                "decl": {
                    "start": { "line": 37, "column": 30 },
                    "end": { "line": 46, "column": 2 }
                },
                "loc": {
                    "start": { "line": 37, "column": 30 },
                    "end": { "line": 46, "column": 2 }
                },
                "line": 37
            }
        },
        "f": { "0": 0 }
    },
    "/Users/phoenix/Documents/dojo.js/packages/create-burner/src/context/index.tsx": {
        "path": "/Users/phoenix/Documents/dojo.js/packages/create-burner/src/context/index.tsx",
        "all": false,
        "statementMap": {
            "0": {
                "start": { "line": 1, "column": 0 },
                "end": { "line": 1, "column": 33 }
            }
        },
        "s": { "0": 1 },
        "branchMap": {},
        "b": {},
        "fnMap": {},
        "f": {}
    },
    "/Users/phoenix/Documents/dojo.js/packages/create-burner/src/hooks/index.ts": {
        "path": "/Users/phoenix/Documents/dojo.js/packages/create-burner/src/hooks/index.ts",
        "all": false,
        "statementMap": {
            "0": {
                "start": { "line": 1, "column": 0 },
                "end": { "line": 1, "column": 28 }
            },
            "1": {
                "start": { "line": 2, "column": 0 },
                "end": { "line": 2, "column": 35 }
            }
        },
        "s": { "0": 1, "1": 1 },
        "branchMap": {},
        "b": {},
        "fnMap": {},
        "f": {}
    },
    "/Users/phoenix/Documents/dojo.js/packages/create-burner/src/hooks/useBurner.ts": {
        "path": "/Users/phoenix/Documents/dojo.js/packages/create-burner/src/hooks/useBurner.ts",
        "all": false,
        "statementMap": {
            "0": {
                "start": { "line": 1, "column": 0 },
                "end": { "line": 1, "column": 78 }
            },
            "1": {
                "start": { "line": 2, "column": 0 },
                "end": { "line": 2, "column": 35 }
            },
            "2": {
                "start": { "line": 3, "column": 0 },
                "end": { "line": 3, "column": 37 }
            },
            "3": {
                "start": { "line": 4, "column": 0 },
                "end": { "line": 4, "column": 43 }
            },
            "4": {
                "start": { "line": 5, "column": 0 },
                "end": { "line": 5, "column": 57 }
            },
            "5": {
                "start": { "line": 6, "column": 0 },
                "end": { "line": 6, "column": 34 }
            },
            "6": {
                "start": { "line": 7, "column": 0 },
                "end": { "line": 7, "column": 0 }
            },
            "7": {
                "start": { "line": 8, "column": 0 },
                "end": { "line": 8, "column": 3 }
            },
            "8": {
                "start": { "line": 9, "column": 0 },
                "end": { "line": 9, "column": 42 }
            },
            "9": {
                "start": { "line": 10, "column": 0 },
                "end": { "line": 10, "column": 70 }
            },
            "10": {
                "start": { "line": 11, "column": 0 },
                "end": { "line": 11, "column": 64 }
            },
            "11": {
                "start": { "line": 12, "column": 0 },
                "end": { "line": 12, "column": 2 }
            },
            "12": {
                "start": { "line": 13, "column": 0 },
                "end": { "line": 13, "column": 11 }
            },
            "13": {
                "start": { "line": 14, "column": 0 },
                "end": { "line": 14, "column": 9 }
            },
            "14": {
                "start": { "line": 15, "column": 0 },
                "end": { "line": 15, "column": 57 }
            },
            "15": {
                "start": { "line": 16, "column": 0 },
                "end": { "line": 16, "column": 2 }
            },
            "16": {
                "start": { "line": 17, "column": 0 },
                "end": { "line": 17, "column": 30 }
            },
            "17": {
                "start": { "line": 18, "column": 0 },
                "end": { "line": 18, "column": 50 }
            },
            "18": {
                "start": { "line": 19, "column": 0 },
                "end": { "line": 19, "column": 26 }
            },
            "19": {
                "start": { "line": 20, "column": 0 },
                "end": { "line": 20, "column": 2 }
            },
            "20": {
                "start": { "line": 21, "column": 0 },
                "end": { "line": 21, "column": 13 }
            },
            "21": {
                "start": { "line": 22, "column": 0 },
                "end": { "line": 22, "column": 12 }
            },
            "22": {
                "start": { "line": 23, "column": 0 },
                "end": { "line": 23, "column": 64 }
            },
            "23": {
                "start": { "line": 24, "column": 0 },
                "end": { "line": 24, "column": 33 }
            },
            "24": {
                "start": { "line": 25, "column": 0 },
                "end": { "line": 25, "column": 77 }
            },
            "25": {
                "start": { "line": 26, "column": 0 },
                "end": { "line": 26, "column": 24 }
            },
            "26": {
                "start": { "line": 27, "column": 0 },
                "end": { "line": 27, "column": 18 }
            },
            "27": {
                "start": { "line": 28, "column": 0 },
                "end": { "line": 28, "column": 9 }
            },
            "28": {
                "start": { "line": 29, "column": 0 },
                "end": { "line": 29, "column": 10 }
            },
            "29": {
                "start": { "line": 30, "column": 0 },
                "end": { "line": 30, "column": 6 }
            },
            "30": {
                "start": { "line": 31, "column": 0 },
                "end": { "line": 31, "column": 5 }
            },
            "31": {
                "start": { "line": 32, "column": 0 },
                "end": { "line": 32, "column": 6 }
            },
            "32": {
                "start": { "line": 33, "column": 0 },
                "end": { "line": 33, "column": 2 }
            },
            "33": {
                "start": { "line": 34, "column": 0 },
                "end": { "line": 34, "column": 58 }
            },
            "34": {
                "start": { "line": 35, "column": 0 },
                "end": { "line": 35, "column": 3 }
            },
            "35": {
                "start": { "line": 36, "column": 0 },
                "end": { "line": 36, "column": 32 }
            },
            "36": {
                "start": { "line": 37, "column": 0 },
                "end": { "line": 37, "column": 49 }
            },
            "37": {
                "start": { "line": 38, "column": 0 },
                "end": { "line": 38, "column": 0 }
            },
            "38": {
                "start": { "line": 39, "column": 0 },
                "end": { "line": 39, "column": 22 }
            },
            "39": {
                "start": { "line": 40, "column": 0 },
                "end": { "line": 40, "column": 74 }
            },
            "40": {
                "start": { "line": 41, "column": 0 },
                "end": { "line": 41, "column": 5 }
            },
            "41": {
                "start": { "line": 42, "column": 0 },
                "end": { "line": 42, "column": 0 }
            },
            "42": {
                "start": { "line": 43, "column": 0 },
                "end": { "line": 43, "column": 66 }
            },
            "43": {
                "start": { "line": 44, "column": 0 },
                "end": { "line": 44, "column": 34 }
            },
            "44": {
                "start": { "line": 45, "column": 0 },
                "end": { "line": 45, "column": 44 }
            },
            "45": {
                "start": { "line": 46, "column": 0 },
                "end": { "line": 46, "column": 20 }
            },
            "46": {
                "start": { "line": 47, "column": 0 },
                "end": { "line": 47, "column": 6 }
            },
            "47": {
                "start": { "line": 48, "column": 0 },
                "end": { "line": 48, "column": 0 }
            },
            "48": {
                "start": { "line": 49, "column": 0 },
                "end": { "line": 49, "column": 65 }
            },
            "49": {
                "start": { "line": 50, "column": 0 },
                "end": { "line": 50, "column": 56 }
            },
            "50": {
                "start": { "line": 51, "column": 0 },
                "end": { "line": 51, "column": 58 }
            },
            "51": {
                "start": { "line": 52, "column": 0 },
                "end": { "line": 52, "column": 0 }
            },
            "52": {
                "start": { "line": 53, "column": 0 },
                "end": { "line": 53, "column": 74 }
            },
            "53": {
                "start": { "line": 54, "column": 0 },
                "end": { "line": 54, "column": 21 }
            },
            "54": {
                "start": { "line": 55, "column": 0 },
                "end": { "line": 55, "column": 29 }
            },
            "55": {
                "start": { "line": 56, "column": 0 },
                "end": { "line": 56, "column": 53 }
            },
            "56": {
                "start": { "line": 57, "column": 0 },
                "end": { "line": 57, "column": 11 }
            },
            "57": {
                "start": { "line": 58, "column": 0 },
                "end": { "line": 58, "column": 0 }
            },
            "58": {
                "start": { "line": 59, "column": 0 },
                "end": { "line": 59, "column": 7 }
            },
            "59": {
                "start": { "line": 60, "column": 0 },
                "end": { "line": 60, "column": 54 }
            },
            "60": {
                "start": { "line": 61, "column": 0 },
                "end": { "line": 61, "column": 6 }
            },
            "61": {
                "start": { "line": 62, "column": 0 },
                "end": { "line": 62, "column": 44 }
            },
            "62": {
                "start": { "line": 63, "column": 0 },
                "end": { "line": 63, "column": 7 }
            },
            "63": {
                "start": { "line": 64, "column": 0 },
                "end": { "line": 64, "column": 46 }
            },
            "64": {
                "start": { "line": 65, "column": 0 },
                "end": { "line": 65, "column": 36 }
            },
            "65": {
                "start": { "line": 66, "column": 0 },
                "end": { "line": 66, "column": 45 }
            },
            "66": {
                "start": { "line": 67, "column": 0 },
                "end": { "line": 67, "column": 0 }
            },
            "67": {
                "start": { "line": 68, "column": 0 },
                "end": { "line": 68, "column": 7 }
            },
            "68": {
                "start": { "line": 69, "column": 0 },
                "end": { "line": 69, "column": 55 }
            },
            "69": {
                "start": { "line": 70, "column": 0 },
                "end": { "line": 70, "column": 6 }
            },
            "70": {
                "start": { "line": 71, "column": 0 },
                "end": { "line": 71, "column": 75 }
            },
            "71": {
                "start": { "line": 72, "column": 0 },
                "end": { "line": 72, "column": 7 }
            },
            "72": {
                "start": { "line": 73, "column": 0 },
                "end": { "line": 73, "column": 31 }
            },
            "73": {
                "start": { "line": 74, "column": 0 },
                "end": { "line": 74, "column": 36 }
            },
            "74": {
                "start": { "line": 75, "column": 0 },
                "end": { "line": 75, "column": 42 }
            },
            "75": {
                "start": { "line": 76, "column": 0 },
                "end": { "line": 76, "column": 57 }
            },
            "76": {
                "start": { "line": 77, "column": 0 },
                "end": { "line": 77, "column": 10 }
            },
            "77": {
                "start": { "line": 78, "column": 0 },
                "end": { "line": 78, "column": 23 }
            },
            "78": {
                "start": { "line": 79, "column": 0 },
                "end": { "line": 79, "column": 6 }
            },
            "79": {
                "start": { "line": 80, "column": 0 },
                "end": { "line": 80, "column": 0 }
            },
            "80": {
                "start": { "line": 81, "column": 0 },
                "end": { "line": 81, "column": 7 }
            },
            "81": {
                "start": { "line": 82, "column": 0 },
                "end": { "line": 82, "column": 55 }
            },
            "82": {
                "start": { "line": 83, "column": 0 },
                "end": { "line": 83, "column": 6 }
            },
            "83": {
                "start": { "line": 84, "column": 0 },
                "end": { "line": 84, "column": 70 }
            },
            "84": {
                "start": { "line": 85, "column": 0 },
                "end": { "line": 85, "column": 73 }
            },
            "85": {
                "start": { "line": 86, "column": 0 },
                "end": { "line": 86, "column": 7 }
            },
            "86": {
                "start": { "line": 87, "column": 0 },
                "end": { "line": 87, "column": 28 }
            },
            "87": {
                "start": { "line": 88, "column": 0 },
                "end": { "line": 88, "column": 39 }
            },
            "88": {
                "start": { "line": 89, "column": 0 },
                "end": { "line": 89, "column": 46 }
            },
            "89": {
                "start": { "line": 90, "column": 0 },
                "end": { "line": 90, "column": 10 }
            },
            "90": {
                "start": { "line": 91, "column": 0 },
                "end": { "line": 91, "column": 23 }
            },
            "91": {
                "start": { "line": 92, "column": 0 },
                "end": { "line": 92, "column": 6 }
            },
            "92": {
                "start": { "line": 93, "column": 0 },
                "end": { "line": 93, "column": 0 }
            },
            "93": {
                "start": { "line": 94, "column": 0 },
                "end": { "line": 94, "column": 7 }
            },
            "94": {
                "start": { "line": 95, "column": 0 },
                "end": { "line": 95, "column": 52 }
            },
            "95": {
                "start": { "line": 96, "column": 0 },
                "end": { "line": 96, "column": 6 }
            },
            "96": {
                "start": { "line": 97, "column": 0 },
                "end": { "line": 97, "column": 70 }
            },
            "97": {
                "start": { "line": 98, "column": 0 },
                "end": { "line": 98, "column": 73 }
            },
            "98": {
                "start": { "line": 99, "column": 0 },
                "end": { "line": 99, "column": 7 }
            },
            "99": {
                "start": { "line": 100, "column": 0 },
                "end": { "line": 100, "column": 37 }
            },
            "100": {
                "start": { "line": 101, "column": 0 },
                "end": { "line": 101, "column": 30 }
            },
            "101": {
                "start": { "line": 102, "column": 0 },
                "end": { "line": 102, "column": 44 }
            },
            "102": {
                "start": { "line": 103, "column": 0 },
                "end": { "line": 103, "column": 24 }
            },
            "103": {
                "start": { "line": 104, "column": 0 },
                "end": { "line": 104, "column": 0 }
            },
            "104": {
                "start": { "line": 105, "column": 0 },
                "end": { "line": 105, "column": 7 }
            },
            "105": {
                "start": { "line": 106, "column": 0 },
                "end": { "line": 106, "column": 70 }
            },
            "106": {
                "start": { "line": 107, "column": 0 },
                "end": { "line": 107, "column": 6 }
            },
            "107": {
                "start": { "line": 108, "column": 0 },
                "end": { "line": 108, "column": 76 }
            },
            "108": {
                "start": { "line": 109, "column": 0 },
                "end": { "line": 109, "column": 7 }
            },
            "109": {
                "start": { "line": 110, "column": 0 },
                "end": { "line": 110, "column": 62 }
            },
            "110": {
                "start": { "line": 111, "column": 0 },
                "end": { "line": 111, "column": 61 }
            },
            "111": {
                "start": { "line": 112, "column": 0 },
                "end": { "line": 112, "column": 56 }
            },
            "112": {
                "start": { "line": 113, "column": 0 },
                "end": { "line": 113, "column": 31 }
            },
            "113": {
                "start": { "line": 114, "column": 0 },
                "end": { "line": 114, "column": 26 }
            },
            "114": {
                "start": { "line": 115, "column": 0 },
                "end": { "line": 115, "column": 24 }
            },
            "115": {
                "start": { "line": 116, "column": 0 },
                "end": { "line": 116, "column": 0 }
            },
            "116": {
                "start": { "line": 117, "column": 0 },
                "end": { "line": 117, "column": 7 }
            },
            "117": {
                "start": { "line": 118, "column": 0 },
                "end": { "line": 118, "column": 115 }
            },
            "118": {
                "start": { "line": 119, "column": 0 },
                "end": { "line": 119, "column": 6 }
            },
            "119": {
                "start": { "line": 120, "column": 0 },
                "end": { "line": 120, "column": 54 }
            },
            "120": {
                "start": { "line": 121, "column": 0 },
                "end": { "line": 121, "column": 7 }
            },
            "121": {
                "start": { "line": 122, "column": 0 },
                "end": { "line": 122, "column": 65 }
            },
            "122": {
                "start": { "line": 123, "column": 0 },
                "end": { "line": 123, "column": 36 }
            },
            "123": {
                "start": { "line": 124, "column": 0 },
                "end": { "line": 124, "column": 31 }
            },
            "124": {
                "start": { "line": 125, "column": 0 },
                "end": { "line": 125, "column": 0 }
            },
            "125": {
                "start": { "line": 126, "column": 0 },
                "end": { "line": 126, "column": 70 }
            },
            "126": {
                "start": { "line": 127, "column": 0 },
                "end": { "line": 127, "column": 40 }
            },
            "127": {
                "start": { "line": 128, "column": 0 },
                "end": { "line": 128, "column": 39 }
            },
            "128": {
                "start": { "line": 129, "column": 0 },
                "end": { "line": 129, "column": 17 }
            },
            "129": {
                "start": { "line": 130, "column": 0 },
                "end": { "line": 130, "column": 30 }
            },
            "130": {
                "start": { "line": 131, "column": 0 },
                "end": { "line": 131, "column": 43 }
            },
            "131": {
                "start": { "line": 132, "column": 0 },
                "end": { "line": 132, "column": 22 }
            },
            "132": {
                "start": { "line": 133, "column": 0 },
                "end": { "line": 133, "column": 18 }
            },
            "133": {
                "start": { "line": 134, "column": 0 },
                "end": { "line": 134, "column": 35 }
            },
            "134": {
                "start": { "line": 135, "column": 0 },
                "end": { "line": 135, "column": 14 }
            },
            "135": {
                "start": { "line": 136, "column": 0 },
                "end": { "line": 136, "column": 11 }
            },
            "136": {
                "start": { "line": 137, "column": 0 },
                "end": { "line": 137, "column": 36 }
            },
            "137": {
                "start": { "line": 138, "column": 0 },
                "end": { "line": 138, "column": 0 }
            },
            "138": {
                "start": { "line": 139, "column": 0 },
                "end": { "line": 139, "column": 7 }
            },
            "139": {
                "start": { "line": 140, "column": 0 },
                "end": { "line": 140, "column": 32 }
            },
            "140": {
                "start": { "line": 141, "column": 0 },
                "end": { "line": 141, "column": 7 }
            },
            "141": {
                "start": { "line": 142, "column": 0 },
                "end": { "line": 142, "column": 53 }
            },
            "142": {
                "start": { "line": 143, "column": 0 },
                "end": { "line": 143, "column": 53 }
            },
            "143": {
                "start": { "line": 144, "column": 0 },
                "end": { "line": 144, "column": 24 }
            },
            "144": {
                "start": { "line": 145, "column": 0 },
                "end": { "line": 145, "column": 0 }
            },
            "145": {
                "start": { "line": 146, "column": 0 },
                "end": { "line": 146, "column": 7 }
            },
            "146": {
                "start": { "line": 147, "column": 0 },
                "end": { "line": 147, "column": 33 }
            },
            "147": {
                "start": { "line": 148, "column": 0 },
                "end": { "line": 148, "column": 7 }
            },
            "148": {
                "start": { "line": 149, "column": 0 },
                "end": { "line": 149, "column": 56 }
            },
            "149": {
                "start": { "line": 150, "column": 0 },
                "end": { "line": 150, "column": 54 }
            },
            "150": {
                "start": { "line": 151, "column": 0 },
                "end": { "line": 151, "column": 79 }
            },
            "151": {
                "start": { "line": 152, "column": 0 },
                "end": { "line": 152, "column": 68 }
            },
            "152": {
                "start": { "line": 153, "column": 0 },
                "end": { "line": 153, "column": 24 }
            },
            "153": {
                "start": { "line": 154, "column": 0 },
                "end": { "line": 154, "column": 0 }
            },
            "154": {
                "start": { "line": 155, "column": 0 },
                "end": { "line": 155, "column": 68 }
            },
            "155": {
                "start": { "line": 156, "column": 0 },
                "end": { "line": 156, "column": 12 }
            },
            "156": {
                "start": { "line": 157, "column": 0 },
                "end": { "line": 157, "column": 12 }
            },
            "157": {
                "start": { "line": 158, "column": 0 },
                "end": { "line": 158, "column": 13 }
            },
            "158": {
                "start": { "line": 159, "column": 0 },
                "end": { "line": 159, "column": 15 }
            },
            "159": {
                "start": { "line": 160, "column": 0 },
                "end": { "line": 160, "column": 15 }
            },
            "160": {
                "start": { "line": 161, "column": 0 },
                "end": { "line": 161, "column": 23 }
            },
            "161": {
                "start": { "line": 162, "column": 0 },
                "end": { "line": 162, "column": 14 }
            },
            "162": {
                "start": { "line": 163, "column": 0 },
                "end": { "line": 163, "column": 16 }
            },
            "163": {
                "start": { "line": 164, "column": 0 },
                "end": { "line": 164, "column": 20 }
            },
            "164": {
                "start": { "line": 165, "column": 0 },
                "end": { "line": 165, "column": 24 }
            },
            "165": {
                "start": { "line": 166, "column": 0 },
                "end": { "line": 166, "column": 27 }
            },
            "166": {
                "start": { "line": 167, "column": 0 },
                "end": { "line": 167, "column": 6 }
            },
            "167": {
                "start": { "line": 168, "column": 0 },
                "end": { "line": 168, "column": 2 }
            }
        },
        "s": {
            "0": 1,
            "1": 1,
            "2": 1,
            "3": 1,
            "4": 1,
            "5": 1,
            "6": 1,
            "7": 1,
            "8": 1,
            "9": 1,
            "10": 1,
            "11": 1,
            "12": 1,
            "13": 1,
            "14": 1,
            "15": 1,
            "16": 1,
            "17": 1,
            "18": 1,
            "19": 1,
            "20": 1,
            "21": 1,
            "22": 1,
            "23": 1,
            "24": 1,
            "25": 1,
            "26": 1,
            "27": 1,
            "28": 1,
            "29": 1,
            "30": 1,
            "31": 1,
            "32": 1,
            "33": 1,
            "34": 1,
            "35": 1,
            "36": 0,
            "37": 0,
            "38": 0,
            "39": 0,
            "40": 0,
            "41": 0,
            "42": 0,
            "43": 0,
            "44": 0,
            "45": 0,
            "46": 0,
            "47": 0,
            "48": 0,
            "49": 0,
            "50": 0,
            "51": 0,
            "52": 0,
            "53": 0,
            "54": 0,
            "55": 0,
            "56": 0,
            "57": 0,
            "58": 0,
            "59": 0,
            "60": 0,
            "61": 0,
            "62": 0,
            "63": 0,
            "64": 0,
            "65": 0,
            "66": 0,
            "67": 0,
            "68": 0,
            "69": 0,
            "70": 0,
            "71": 0,
            "72": 0,
            "73": 0,
            "74": 0,
            "75": 0,
            "76": 0,
            "77": 0,
            "78": 0,
            "79": 0,
            "80": 0,
            "81": 0,
            "82": 0,
            "83": 0,
            "84": 0,
            "85": 0,
            "86": 0,
            "87": 0,
            "88": 0,
            "89": 0,
            "90": 0,
            "91": 0,
            "92": 0,
            "93": 0,
            "94": 0,
            "95": 0,
            "96": 0,
            "97": 0,
            "98": 0,
            "99": 0,
            "100": 0,
            "101": 0,
            "102": 0,
            "103": 0,
            "104": 0,
            "105": 0,
            "106": 0,
            "107": 0,
            "108": 0,
            "109": 0,
            "110": 0,
            "111": 0,
            "112": 0,
            "113": 0,
            "114": 0,
            "115": 0,
            "116": 0,
            "117": 0,
            "118": 0,
            "119": 0,
            "120": 0,
            "121": 0,
            "122": 0,
            "123": 0,
            "124": 0,
            "125": 0,
            "126": 0,
            "127": 0,
            "128": 0,
            "129": 0,
            "130": 0,
            "131": 0,
            "132": 0,
            "133": 0,
            "134": 0,
            "135": 0,
            "136": 0,
            "137": 0,
            "138": 0,
            "139": 0,
            "140": 0,
            "141": 0,
            "142": 0,
            "143": 0,
            "144": 0,
            "145": 0,
            "146": 0,
            "147": 0,
            "148": 0,
            "149": 0,
            "150": 0,
            "151": 0,
            "152": 0,
            "153": 0,
            "154": 0,
            "155": 0,
            "156": 0,
            "157": 0,
            "158": 0,
            "159": 0,
            "160": 0,
            "161": 0,
            "162": 0,
            "163": 0,
            "164": 0,
            "165": 0,
            "166": 0,
            "167": 0
        },
        "branchMap": {},
        "b": {},
        "fnMap": {
            "0": {
                "name": "useBurner",
                "decl": {
                    "start": { "line": 36, "column": 25 },
                    "end": { "line": 168, "column": 2 }
                },
                "loc": {
                    "start": { "line": 36, "column": 25 },
                    "end": { "line": 168, "column": 2 }
                },
                "line": 36
            }
        },
        "f": { "0": 0 }
    },
    "/Users/phoenix/Documents/dojo.js/packages/create-burner/src/hooks/useBurnerManager.ts": {
        "path": "/Users/phoenix/Documents/dojo.js/packages/create-burner/src/hooks/useBurnerManager.ts",
        "all": false,
        "statementMap": {
            "0": {
                "start": { "line": 1, "column": 0 },
                "end": { "line": 1, "column": 57 }
            },
            "1": {
                "start": { "line": 2, "column": 0 },
                "end": { "line": 2, "column": 35 }
            },
            "2": {
                "start": { "line": 3, "column": 0 },
                "end": { "line": 3, "column": 37 }
            },
            "3": {
                "start": { "line": 4, "column": 0 },
                "end": { "line": 4, "column": 57 }
            },
            "4": {
                "start": { "line": 5, "column": 0 },
                "end": { "line": 5, "column": 34 }
            },
            "5": {
                "start": { "line": 6, "column": 0 },
                "end": { "line": 6, "column": 0 }
            },
            "6": {
                "start": { "line": 7, "column": 0 },
                "end": { "line": 7, "column": 3 }
            },
            "7": {
                "start": { "line": 8, "column": 0 },
                "end": { "line": 8, "column": 80 }
            },
            "8": {
                "start": { "line": 9, "column": 0 },
                "end": { "line": 9, "column": 50 }
            },
            "9": {
                "start": { "line": 10, "column": 0 },
                "end": { "line": 10, "column": 2 }
            },
            "10": {
                "start": { "line": 11, "column": 0 },
                "end": { "line": 11, "column": 58 }
            },
            "11": {
                "start": { "line": 12, "column": 0 },
                "end": { "line": 12, "column": 3 }
            },
            "12": {
                "start": { "line": 13, "column": 0 },
                "end": { "line": 13, "column": 34 }
            },
            "13": {
                "start": { "line": 14, "column": 0 },
                "end": { "line": 14, "column": 18 }
            },
            "14": {
                "start": { "line": 15, "column": 0 },
                "end": { "line": 15, "column": 4 }
            },
            "15": {
                "start": { "line": 16, "column": 0 },
                "end": { "line": 16, "column": 84 }
            },
            "16": {
                "start": { "line": 17, "column": 0 },
                "end": { "line": 17, "column": 7 }
            },
            "17": {
                "start": { "line": 18, "column": 0 },
                "end": { "line": 18, "column": 39 }
            },
            "18": {
                "start": { "line": 19, "column": 0 },
                "end": { "line": 19, "column": 63 }
            },
            "19": {
                "start": { "line": 20, "column": 0 },
                "end": { "line": 20, "column": 5 }
            },
            "20": {
                "start": { "line": 21, "column": 0 },
                "end": { "line": 21, "column": 0 }
            },
            "21": {
                "start": { "line": 22, "column": 0 },
                "end": { "line": 22, "column": 50 }
            },
            "22": {
                "start": { "line": 23, "column": 0 },
                "end": { "line": 23, "column": 65 }
            },
            "23": {
                "start": { "line": 24, "column": 0 },
                "end": { "line": 24, "column": 56 }
            },
            "24": {
                "start": { "line": 25, "column": 0 },
                "end": { "line": 25, "column": 58 }
            },
            "25": {
                "start": { "line": 26, "column": 0 },
                "end": { "line": 26, "column": 0 }
            },
            "26": {
                "start": { "line": 27, "column": 0 },
                "end": { "line": 27, "column": 74 }
            },
            "27": {
                "start": { "line": 28, "column": 0 },
                "end": { "line": 28, "column": 21 }
            },
            "28": {
                "start": { "line": 29, "column": 0 },
                "end": { "line": 29, "column": 29 }
            },
            "29": {
                "start": { "line": 30, "column": 0 },
                "end": { "line": 30, "column": 53 }
            },
            "30": {
                "start": { "line": 31, "column": 0 },
                "end": { "line": 31, "column": 11 }
            },
            "31": {
                "start": { "line": 32, "column": 0 },
                "end": { "line": 32, "column": 0 }
            },
            "32": {
                "start": { "line": 33, "column": 0 },
                "end": { "line": 33, "column": 7 }
            },
            "33": {
                "start": { "line": 34, "column": 0 },
                "end": { "line": 34, "column": 54 }
            },
            "34": {
                "start": { "line": 35, "column": 0 },
                "end": { "line": 35, "column": 6 }
            },
            "35": {
                "start": { "line": 36, "column": 0 },
                "end": { "line": 36, "column": 44 }
            },
            "36": {
                "start": { "line": 37, "column": 0 },
                "end": { "line": 37, "column": 7 }
            },
            "37": {
                "start": { "line": 38, "column": 0 },
                "end": { "line": 38, "column": 46 }
            },
            "38": {
                "start": { "line": 39, "column": 0 },
                "end": { "line": 39, "column": 36 }
            },
            "39": {
                "start": { "line": 40, "column": 0 },
                "end": { "line": 40, "column": 45 }
            },
            "40": {
                "start": { "line": 41, "column": 0 },
                "end": { "line": 41, "column": 0 }
            },
            "41": {
                "start": { "line": 42, "column": 0 },
                "end": { "line": 42, "column": 7 }
            },
            "42": {
                "start": { "line": 43, "column": 0 },
                "end": { "line": 43, "column": 55 }
            },
            "43": {
                "start": { "line": 44, "column": 0 },
                "end": { "line": 44, "column": 6 }
            },
            "44": {
                "start": { "line": 45, "column": 0 },
                "end": { "line": 45, "column": 75 }
            },
            "45": {
                "start": { "line": 46, "column": 0 },
                "end": { "line": 46, "column": 7 }
            },
            "46": {
                "start": { "line": 47, "column": 0 },
                "end": { "line": 47, "column": 31 }
            },
            "47": {
                "start": { "line": 48, "column": 0 },
                "end": { "line": 48, "column": 36 }
            },
            "48": {
                "start": { "line": 49, "column": 0 },
                "end": { "line": 49, "column": 42 }
            },
            "49": {
                "start": { "line": 50, "column": 0 },
                "end": { "line": 50, "column": 57 }
            },
            "50": {
                "start": { "line": 51, "column": 0 },
                "end": { "line": 51, "column": 10 }
            },
            "51": {
                "start": { "line": 52, "column": 0 },
                "end": { "line": 52, "column": 23 }
            },
            "52": {
                "start": { "line": 53, "column": 0 },
                "end": { "line": 53, "column": 6 }
            },
            "53": {
                "start": { "line": 54, "column": 0 },
                "end": { "line": 54, "column": 0 }
            },
            "54": {
                "start": { "line": 55, "column": 0 },
                "end": { "line": 55, "column": 7 }
            },
            "55": {
                "start": { "line": 56, "column": 0 },
                "end": { "line": 56, "column": 55 }
            },
            "56": {
                "start": { "line": 57, "column": 0 },
                "end": { "line": 57, "column": 6 }
            },
            "57": {
                "start": { "line": 58, "column": 0 },
                "end": { "line": 58, "column": 70 }
            },
            "58": {
                "start": { "line": 59, "column": 0 },
                "end": { "line": 59, "column": 73 }
            },
            "59": {
                "start": { "line": 60, "column": 0 },
                "end": { "line": 60, "column": 7 }
            },
            "60": {
                "start": { "line": 61, "column": 0 },
                "end": { "line": 61, "column": 28 }
            },
            "61": {
                "start": { "line": 62, "column": 0 },
                "end": { "line": 62, "column": 39 }
            },
            "62": {
                "start": { "line": 63, "column": 0 },
                "end": { "line": 63, "column": 46 }
            },
            "63": {
                "start": { "line": 64, "column": 0 },
                "end": { "line": 64, "column": 10 }
            },
            "64": {
                "start": { "line": 65, "column": 0 },
                "end": { "line": 65, "column": 23 }
            },
            "65": {
                "start": { "line": 66, "column": 0 },
                "end": { "line": 66, "column": 6 }
            },
            "66": {
                "start": { "line": 67, "column": 0 },
                "end": { "line": 67, "column": 0 }
            },
            "67": {
                "start": { "line": 68, "column": 0 },
                "end": { "line": 68, "column": 7 }
            },
            "68": {
                "start": { "line": 69, "column": 0 },
                "end": { "line": 69, "column": 52 }
            },
            "69": {
                "start": { "line": 70, "column": 0 },
                "end": { "line": 70, "column": 6 }
            },
            "70": {
                "start": { "line": 71, "column": 0 },
                "end": { "line": 71, "column": 70 }
            },
            "71": {
                "start": { "line": 72, "column": 0 },
                "end": { "line": 72, "column": 73 }
            },
            "72": {
                "start": { "line": 73, "column": 0 },
                "end": { "line": 73, "column": 7 }
            },
            "73": {
                "start": { "line": 74, "column": 0 },
                "end": { "line": 74, "column": 37 }
            },
            "74": {
                "start": { "line": 75, "column": 0 },
                "end": { "line": 75, "column": 30 }
            },
            "75": {
                "start": { "line": 76, "column": 0 },
                "end": { "line": 76, "column": 44 }
            },
            "76": {
                "start": { "line": 77, "column": 0 },
                "end": { "line": 77, "column": 24 }
            },
            "77": {
                "start": { "line": 78, "column": 0 },
                "end": { "line": 78, "column": 0 }
            },
            "78": {
                "start": { "line": 79, "column": 0 },
                "end": { "line": 79, "column": 7 }
            },
            "79": {
                "start": { "line": 80, "column": 0 },
                "end": { "line": 80, "column": 70 }
            },
            "80": {
                "start": { "line": 81, "column": 0 },
                "end": { "line": 81, "column": 6 }
            },
            "81": {
                "start": { "line": 82, "column": 0 },
                "end": { "line": 82, "column": 76 }
            },
            "82": {
                "start": { "line": 83, "column": 0 },
                "end": { "line": 83, "column": 7 }
            },
            "83": {
                "start": { "line": 84, "column": 0 },
                "end": { "line": 84, "column": 62 }
            },
            "84": {
                "start": { "line": 85, "column": 0 },
                "end": { "line": 85, "column": 61 }
            },
            "85": {
                "start": { "line": 86, "column": 0 },
                "end": { "line": 86, "column": 56 }
            },
            "86": {
                "start": { "line": 87, "column": 0 },
                "end": { "line": 87, "column": 31 }
            },
            "87": {
                "start": { "line": 88, "column": 0 },
                "end": { "line": 88, "column": 26 }
            },
            "88": {
                "start": { "line": 89, "column": 0 },
                "end": { "line": 89, "column": 24 }
            },
            "89": {
                "start": { "line": 90, "column": 0 },
                "end": { "line": 90, "column": 0 }
            },
            "90": {
                "start": { "line": 91, "column": 0 },
                "end": { "line": 91, "column": 7 }
            },
            "91": {
                "start": { "line": 92, "column": 0 },
                "end": { "line": 92, "column": 115 }
            },
            "92": {
                "start": { "line": 93, "column": 0 },
                "end": { "line": 93, "column": 6 }
            },
            "93": {
                "start": { "line": 94, "column": 0 },
                "end": { "line": 94, "column": 54 }
            },
            "94": {
[...]
                "end": { "line": 32, "column": 52 }
            },
            "32": {
                "start": { "line": 33, "column": 0 },
                "end": { "line": 33, "column": 9 }
            },
            "33": {
                "start": { "line": 34, "column": 0 },
                "end": { "line": 34, "column": 42 }
            },
            "34": {
                "start": { "line": 35, "column": 0 },
                "end": { "line": 35, "column": 6 }
            },
            "35": {
                "start": { "line": 36, "column": 0 },
                "end": { "line": 36, "column": 0 }
            },
            "36": {
                "start": { "line": 37, "column": 0 },
                "end": { "line": 37, "column": 32 }
            },
            "37": {
                "start": { "line": 38, "column": 0 },
                "end": { "line": 38, "column": 29 }
            },
            "38": {
                "start": { "line": 39, "column": 0 },
                "end": { "line": 39, "column": 69 }
            },
            "39": {
                "start": { "line": 40, "column": 0 },
                "end": { "line": 40, "column": 9 }
            },
            "40": {
                "start": { "line": 41, "column": 0 },
                "end": { "line": 41, "column": 49 }
            },
            "41": {
                "start": { "line": 42, "column": 0 },
                "end": { "line": 42, "column": 6 }
            },
            "42": {
                "start": { "line": 43, "column": 0 },
                "end": { "line": 43, "column": 0 }
            },
            "43": {
                "start": { "line": 44, "column": 0 },
                "end": { "line": 44, "column": 45 }
            },
            "44": {
                "start": { "line": 45, "column": 0 },
                "end": { "line": 45, "column": 43 }
            },
            "45": {
                "start": { "line": 46, "column": 0 },
                "end": { "line": 46, "column": 29 }
            },
            "46": {
                "start": { "line": 47, "column": 0 },
                "end": { "line": 47, "column": 51 }
            },
            "47": {
                "start": { "line": 48, "column": 0 },
                "end": { "line": 48, "column": 16 }
            },
            "48": {
                "start": { "line": 49, "column": 0 },
                "end": { "line": 49, "column": 36 }
            },
            "49": {
                "start": { "line": 50, "column": 0 },
                "end": { "line": 50, "column": 29 }
            },
            "50": {
                "start": { "line": 51, "column": 0 },
                "end": { "line": 51, "column": 35 }
            },
            "51": {
                "start": { "line": 52, "column": 0 },
                "end": { "line": 52, "column": 15 }
            },
            "52": {
                "start": { "line": 53, "column": 0 },
                "end": { "line": 53, "column": 9 }
            },
            "53": {
                "start": { "line": 54, "column": 0 },
                "end": { "line": 54, "column": 6 }
            },
            "54": {
                "start": { "line": 55, "column": 0 },
                "end": { "line": 55, "column": 0 }
            },
            "55": {
                "start": { "line": 56, "column": 0 },
                "end": { "line": 56, "column": 36 }
            },
            "56": {
                "start": { "line": 57, "column": 0 },
                "end": { "line": 57, "column": 29 }
            },
            "57": {
                "start": { "line": 58, "column": 0 },
                "end": { "line": 58, "column": 48 }
            },
            "58": {
                "start": { "line": 59, "column": 0 },
                "end": { "line": 59, "column": 16 }
            },
            "59": {
                "start": { "line": 60, "column": 0 },
                "end": { "line": 60, "column": 32 }
            },
            "60": {
                "start": { "line": 61, "column": 0 },
                "end": { "line": 61, "column": 9 }
            },
            "61": {
                "start": { "line": 62, "column": 0 },
                "end": { "line": 62, "column": 6 }
            },
            "62": {
                "start": { "line": 63, "column": 0 },
                "end": { "line": 63, "column": 0 }
            },
            "63": {
                "start": { "line": 64, "column": 0 },
                "end": { "line": 64, "column": 24 }
            },
            "64": {
                "start": { "line": 65, "column": 0 },
                "end": { "line": 65, "column": 29 }
            },
            "65": {
                "start": { "line": 66, "column": 0 },
                "end": { "line": 66, "column": 40 }
            },
            "66": {
                "start": { "line": 67, "column": 0 },
                "end": { "line": 67, "column": 16 }
            },
            "67": {
                "start": { "line": 68, "column": 0 },
                "end": { "line": 68, "column": 42 }
            },
            "68": {
                "start": { "line": 69, "column": 0 },
                "end": { "line": 69, "column": 71 }
            },
            "69": {
                "start": { "line": 70, "column": 0 },
                "end": { "line": 70, "column": 9 }
            },
            "70": {
                "start": { "line": 71, "column": 0 },
                "end": { "line": 71, "column": 6 }
            },
            "71": {
                "start": { "line": 72, "column": 0 },
                "end": { "line": 72, "column": 2 }
            },
            "72": {
                "start": { "line": 73, "column": 0 },
                "end": { "line": 73, "column": 0 }
            },
            "73": {
                "start": { "line": 74, "column": 0 },
                "end": { "line": 74, "column": 23 }
            }
        },
        "s": {
            "0": 1,
            "1": 1,
            "2": 1,
            "3": 3,
            "4": 3,
            "5": 3,
            "6": 0,
            "7": 0,
            "8": 0,
            "9": 0,
            "10": 3,
            "11": 0,
            "12": 0,
            "13": 3,
            "14": 3,
            "15": 1,
            "16": 1,
            "17": 1,
            "18": 1,
            "19": 6,
            "20": 6,
            "21": 1,
            "22": 1,
            "23": 0,
            "24": 0,
            "25": 0,
            "26": 6,
            "27": 1,
            "28": 1,
            "29": 1,
            "30": 1,
            "31": 0,
            "32": 0,
            "33": 1,
            "34": 1,
            "35": 1,
            "36": 1,
            "37": 6,
            "38": 0,
            "39": 0,
            "40": 6,
            "41": 6,
            "42": 1,
            "43": 1,
            "44": 1,
            "45": 1,
            "46": 0,
            "47": 1,
            "48": 1,
            "49": 1,
            "50": 1,
            "51": 1,
            "52": 1,
            "53": 1,
            "54": 1,
            "55": 1,
            "56": 1,
            "57": 0,
            "58": 1,
            "59": 1,
            "60": 1,
            "61": 1,
            "62": 1,
            "63": 1,
            "64": 1,
            "65": 0,
            "66": 1,
            "67": 1,
            "68": 1,
            "69": 1,
            "70": 1,
            "71": 1,
            "72": 1,
            "73": 1
        },
        "branchMap": {
            "0": {
                "type": "branch",
                "line": 3,
                "loc": {
                    "start": { "line": 3, "column": 31 },
                    "end": { "line": 15, "column": 2 }
                },
                "locations": [
                    {
                        "start": { "line": 3, "column": 31 },
                        "end": { "line": 15, "column": 2 }
                    }
                ]
            },
            "1": {
                "type": "branch",
                "line": 6,
                "loc": {
                    "start": { "line": 6, "column": 43 },
                    "end": { "line": 10, "column": 9 }
                },
                "locations": [
                    {
                        "start": { "line": 6, "column": 43 },
                        "end": { "line": 10, "column": 9 }
                    }
                ]
            },
            "2": {
                "type": "branch",
                "line": 11,
                "loc": {
                    "start": { "line": 11, "column": 4 },
                    "end": { "line": 13, "column": 5 }
                },
                "locations": [
                    {
                        "start": { "line": 11, "column": 4 },
                        "end": { "line": 13, "column": 5 }
                    }
                ]
            },
            "3": {
                "type": "branch",
                "line": 19,
                "loc": {
                    "start": { "line": 19, "column": 18 },
                    "end": { "line": 27, "column": 2 }
                },
                "locations": [
                    {
                        "start": { "line": 19, "column": 18 },
                        "end": { "line": 27, "column": 2 }
                    }
                ]
            },
            "4": {
                "type": "branch",
                "line": 21,
                "loc": {
                    "start": { "line": 21, "column": 25 },
                    "end": { "line": 21, "column": 37 }
                },
                "locations": [
                    {
                        "start": { "line": 21, "column": 25 },
                        "end": { "line": 21, "column": 37 }
                    }
                ]
            },
            "5": {
                "type": "branch",
                "line": 21,
                "loc": {
                    "start": { "line": 21, "column": 32 },
                    "end": { "line": 26, "column": 5 }
                },
                "locations": [
                    {
                        "start": { "line": 21, "column": 32 },
                        "end": { "line": 26, "column": 5 }
                    }
                ]
            },
            "6": {
                "type": "branch",
                "line": 23,
                "loc": {
                    "start": { "line": 23, "column": 4 },
                    "end": { "line": 26, "column": 5 }
                },
                "locations": [
                    {
                        "start": { "line": 23, "column": 4 },
                        "end": { "line": 26, "column": 5 }
                    }
                ]
            },
            "7": {
                "type": "branch",
                "line": 30,
                "loc": {
                    "start": { "line": 30, "column": 10 },
                    "end": { "line": 35, "column": 6 }
                },
                "locations": [
                    {
                        "start": { "line": 30, "column": 10 },
                        "end": { "line": 35, "column": 6 }
                    }
                ]
            },
            "8": {
                "type": "branch",
                "line": 31,
                "loc": {
                    "start": { "line": 31, "column": 28 },
                    "end": { "line": 33, "column": 9 }
                },
                "locations": [
                    {
                        "start": { "line": 31, "column": 28 },
                        "end": { "line": 33, "column": 9 }
                    }
                ]
            },
            "9": {
                "type": "branch",
                "line": 37,
                "loc": {
                    "start": { "line": 37, "column": 9 },
                    "end": { "line": 42, "column": 6 }
                },
                "locations": [
                    {
                        "start": { "line": 37, "column": 9 },
                        "end": { "line": 42, "column": 6 }
                    }
                ]
            },
            "10": {
                "type": "branch",
                "line": 38,
                "loc": {
                    "start": { "line": 38, "column": 28 },
                    "end": { "line": 40, "column": 9 }
                },
                "locations": [
                    {
                        "start": { "line": 38, "column": 28 },
                        "end": { "line": 40, "column": 9 }
                    }
                ]
            },
            "11": {
                "type": "branch",
                "line": 41,
                "loc": {
                    "start": { "line": 41, "column": 40 },
                    "end": { "line": 41, "column": 47 }
                },
                "locations": [
                    {
                        "start": { "line": 41, "column": 40 },
                        "end": { "line": 41, "column": 47 }
                    }
                ]
            },
            "12": {
                "type": "branch",
                "line": 44,
                "loc": {
                    "start": { "line": 44, "column": 9 },
                    "end": { "line": 54, "column": 6 }
                },
                "locations": [
                    {
                        "start": { "line": 44, "column": 9 },
                        "end": { "line": 54, "column": 6 }
                    }
                ]
            },
            "13": {
                "type": "branch",
                "line": 46,
                "loc": {
                    "start": { "line": 46, "column": 28 },
                    "end": { "line": 48, "column": 15 }
                },
                "locations": [
                    {
                        "start": { "line": 46, "column": 28 },
                        "end": { "line": 48, "column": 15 }
                    }
                ]
            },
            "14": {
                "type": "branch",
                "line": 56,
                "loc": {
                    "start": { "line": 56, "column": 12 },
                    "end": { "line": 62, "column": 6 }
                },
                "locations": [
                    {
                        "start": { "line": 56, "column": 12 },
                        "end": { "line": 62, "column": 6 }
                    }
                ]
            },
            "15": {
                "type": "branch",
                "line": 57,
                "loc": {
                    "start": { "line": 57, "column": 28 },
                    "end": { "line": 59, "column": 15 }
                },
                "locations": [
                    {
                        "start": { "line": 57, "column": 28 },
                        "end": { "line": 59, "column": 15 }
                    }
                ]
            },
            "16": {
                "type": "branch",
                "line": 64,
                "loc": {
                    "start": { "line": 64, "column": 11 },
                    "end": { "line": 71, "column": 6 }
                },
                "locations": [
                    {
                        "start": { "line": 64, "column": 11 },
                        "end": { "line": 71, "column": 6 }
                    }
                ]
            },
            "17": {
                "type": "branch",
                "line": 65,
                "loc": {
                    "start": { "line": 65, "column": 28 },
                    "end": { "line": 67, "column": 15 }
                },
                "locations": [
                    {
                        "start": { "line": 65, "column": 28 },
                        "end": { "line": 67, "column": 15 }
                    }
                ]
            },
            "18": {
                "type": "branch",
                "line": 69,
                "loc": {
                    "start": { "line": 69, "column": 41 },
                    "end": { "line": 69, "column": 69 }
                },
                "locations": [
                    {
                        "start": { "line": 69, "column": 41 },
                        "end": { "line": 69, "column": 69 }
                    }
                ]
            }
        },
        "b": {
            "0": [3],
            "1": [0],
            "2": [0],
            "3": [6],
            "4": [5],
            "5": [1],
            "6": [0],
            "7": [1],
            "8": [0],
            "9": [6],
            "10": [0],
            "11": [5],
            "12": [1],
            "13": [0],
            "14": [1],
            "15": [0],
            "16": [1],
            "17": [0],
            "18": [39]
        },
        "fnMap": {
            "0": {
                "name": "hasLocalStorageSupport",
                "decl": {
                    "start": { "line": 3, "column": 31 },
                    "end": { "line": 15, "column": 2 }
                },
                "loc": {
                    "start": { "line": 3, "column": 31 },
                    "end": { "line": 15, "column": 2 }
                },
                "line": 3
            },
            "1": {
                "name": "safeParse",
                "decl": {
                    "start": { "line": 19, "column": 18 },
                    "end": { "line": 27, "column": 2 }
                },
                "loc": {
                    "start": { "line": 19, "column": 18 },
                    "end": { "line": 27, "column": 2 }
                },
                "line": 19
            },
            "2": {
                "name": "keys",
                "decl": {
                    "start": { "line": 30, "column": 10 },
                    "end": { "line": 35, "column": 6 }
                },
                "loc": {
                    "start": { "line": 30, "column": 10 },
                    "end": { "line": 35, "column": 6 }
                },
                "line": 30
            },
            "3": {
                "name": "get",
                "decl": {
                    "start": { "line": 37, "column": 9 },
                    "end": { "line": 42, "column": 6 }
                },
                "loc": {
                    "start": { "line": 37, "column": 9 },
                    "end": { "line": 42, "column": 6 }
                },
                "line": 37
            },
            "4": {
                "name": "set",
                "decl": {
                    "start": { "line": 44, "column": 9 },
                    "end": { "line": 54, "column": 6 }
                },
                "loc": {
                    "start": { "line": 44, "column": 9 },
                    "end": { "line": 54, "column": 6 }
                },
                "line": 44
            },
            "5": {
                "name": "remove",
                "decl": {
                    "start": { "line": 56, "column": 12 },
                    "end": { "line": 62, "column": 6 }
                },
                "loc": {
                    "start": { "line": 56, "column": 12 },
                    "end": { "line": 62, "column": 6 }
                },
                "line": 56
            },
            "6": {
                "name": "clear",
                "decl": {
                    "start": { "line": 64, "column": 11 },
                    "end": { "line": 71, "column": 6 }
                },
                "loc": {
                    "start": { "line": 64, "column": 11 },
                    "end": { "line": 71, "column": 6 }
                },
                "line": 64
            }
        },
        "f": { "0": 3, "1": 6, "2": 1, "3": 6, "4": 1, "5": 1, "6": 1 }
    }
}
